Analysis & Synthesis report for connect4
Wed May  7 09:31:00 2025
Quartus Prime Version 23.1std.1 Build 993 05/14/2024 SC Lite Edition


---------------------
; Table of Contents ;
---------------------
  1. Legal Notice
  2. Analysis & Synthesis Summary
  3. Analysis & Synthesis Settings
  4. Parallel Compilation
  5. Analysis & Synthesis Source Files Read
  6. Analysis & Synthesis Resource Usage Summary
  7. Analysis & Synthesis Resource Utilization by Entity
  8. Analysis & Synthesis DSP Block Usage Summary
  9. State Machine - |connect4|connect4_fsm:fsm_inst|state
 10. Registers Removed During Synthesis
 11. General Register Statistics
 12. Inverted Register Statistics
 13. Multiplexer Restructuring Statistics (Restructuring Performed)
 14. Parameter Settings for User Entity Instance: Ganador:ganador_inst
 15. Parameter Settings for User Entity Instance: VGA:vga_inst|vgaController:vgaCont
 16. Parameter Settings for User Entity Instance: VGA:vga_inst|RGB_Controller:rgbCtrl
 17. Parameter Settings for Inferred Entity Instance: VGA:vga_inst|RGB_Controller:rgbCtrl|lpm_divide:Mod0
 18. Parameter Settings for Inferred Entity Instance: VGA:vga_inst|RGB_Controller:rgbCtrl|lpm_divide:Div1
 19. Parameter Settings for Inferred Entity Instance: VGA:vga_inst|RGB_Controller:rgbCtrl|lpm_divide:Div0
 20. Port Connectivity Checks: "VGA:vga_inst|RGB_Controller:rgbCtrl|WinnerScreen:winnerScreen_inst"
 21. Port Connectivity Checks: "connect4_fsm:fsm_inst"
 22. Post-Synthesis Netlist Statistics for Top Partition
 23. Elapsed Time Per Partition
 24. Analysis & Synthesis Messages
 25. Analysis & Synthesis Suppressed Messages



----------------
; Legal Notice ;
----------------
Copyright (C) 2024  Intel Corporation. All rights reserved.
Your use of Intel Corporation's design tools, logic functions 
and other software and tools, and any partner logic 
functions, and any output files from any of the foregoing 
(including device programming or simulation files), and any 
associated documentation or information are expressly subject 
to the terms and conditions of the Intel Program License 
Subscription Agreement, the Intel Quartus Prime License Agreement,
the Intel FPGA IP License Agreement, or other applicable license
agreement, including, without limitation, that your use is for
the sole purpose of programming logic devices manufactured by
Intel and sold by Intel or its authorized distributors.  Please
refer to the applicable agreement for further details, at
https://fpgasoftware.intel.com/eula.



+----------------------------------------------------------------------------------+
; Analysis & Synthesis Summary                                                     ;
+---------------------------------+------------------------------------------------+
; Analysis & Synthesis Status     ; Successful - Wed May  7 09:31:00 2025          ;
; Quartus Prime Version           ; 23.1std.1 Build 993 05/14/2024 SC Lite Edition ;
; Revision Name                   ; connect4                                       ;
; Top-level Entity Name           ; connect4                                       ;
; Family                          ; Cyclone V                                      ;
; Logic utilization (in ALMs)     ; N/A                                            ;
; Total registers                 ; 173                                            ;
; Total pins                      ; 38                                             ;
; Total virtual pins              ; 0                                              ;
; Total block memory bits         ; 0                                              ;
; Total DSP Blocks                ; 1                                              ;
; Total HSSI RX PCSs              ; 0                                              ;
; Total HSSI PMA RX Deserializers ; 0                                              ;
; Total HSSI TX PCSs              ; 0                                              ;
; Total HSSI PMA TX Serializers   ; 0                                              ;
; Total PLLs                      ; 0                                              ;
; Total DLLs                      ; 0                                              ;
+---------------------------------+------------------------------------------------+


+---------------------------------------------------------------------------------------------------------------------------+
; Analysis & Synthesis Settings                                                                                             ;
+---------------------------------------------------------------------------------+--------------------+--------------------+
; Option                                                                          ; Setting            ; Default Value      ;
+---------------------------------------------------------------------------------+--------------------+--------------------+
; Device                                                                          ; 5CSXFC6D6F31C6     ;                    ;
; Top-level entity name                                                           ; connect4           ; connect4           ;
; Family name                                                                     ; Cyclone V          ; Cyclone V          ;
; Use smart compilation                                                           ; Off                ; Off                ;
; Enable parallel Assembler and Timing Analyzer during compilation                ; On                 ; On                 ;
; Enable compact report table                                                     ; Off                ; Off                ;
; Restructure Multiplexers                                                        ; Auto               ; Auto               ;
; MLAB Add Timing Constraints For Mixed-Port Feed-Through Mode Setting Don't Care ; Off                ; Off                ;
; Create Debugging Nodes for IP Cores                                             ; Off                ; Off                ;
; Preserve fewer node names                                                       ; On                 ; On                 ;
; Intel FPGA IP Evaluation Mode                                                   ; Enable             ; Enable             ;
; Verilog Version                                                                 ; Verilog_2001       ; Verilog_2001       ;
; VHDL Version                                                                    ; VHDL_1993          ; VHDL_1993          ;
; State Machine Processing                                                        ; Auto               ; Auto               ;
; Safe State Machine                                                              ; Off                ; Off                ;
; Extract Verilog State Machines                                                  ; On                 ; On                 ;
; Extract VHDL State Machines                                                     ; On                 ; On                 ;
; Ignore Verilog initial constructs                                               ; Off                ; Off                ;
; Iteration limit for constant Verilog loops                                      ; 5000               ; 5000               ;
; Iteration limit for non-constant Verilog loops                                  ; 250                ; 250                ;
; Add Pass-Through Logic to Inferred RAMs                                         ; On                 ; On                 ;
; Infer RAMs from Raw Logic                                                       ; On                 ; On                 ;
; Parallel Synthesis                                                              ; On                 ; On                 ;
; DSP Block Balancing                                                             ; Auto               ; Auto               ;
; NOT Gate Push-Back                                                              ; On                 ; On                 ;
; Power-Up Don't Care                                                             ; On                 ; On                 ;
; Remove Redundant Logic Cells                                                    ; Off                ; Off                ;
; Remove Duplicate Registers                                                      ; On                 ; On                 ;
; Ignore CARRY Buffers                                                            ; Off                ; Off                ;
; Ignore CASCADE Buffers                                                          ; Off                ; Off                ;
; Ignore GLOBAL Buffers                                                           ; Off                ; Off                ;
; Ignore ROW GLOBAL Buffers                                                       ; Off                ; Off                ;
; Ignore LCELL Buffers                                                            ; Off                ; Off                ;
; Ignore SOFT Buffers                                                             ; On                 ; On                 ;
; Limit AHDL Integers to 32 Bits                                                  ; Off                ; Off                ;
; Optimization Technique                                                          ; Balanced           ; Balanced           ;
; Carry Chain Length                                                              ; 70                 ; 70                 ;
; Auto Carry Chains                                                               ; On                 ; On                 ;
; Auto Open-Drain Pins                                                            ; On                 ; On                 ;
; Perform WYSIWYG Primitive Resynthesis                                           ; Off                ; Off                ;
; Auto ROM Replacement                                                            ; On                 ; On                 ;
; Auto RAM Replacement                                                            ; On                 ; On                 ;
; Auto DSP Block Replacement                                                      ; On                 ; On                 ;
; Auto Shift Register Replacement                                                 ; Auto               ; Auto               ;
; Allow Shift Register Merging across Hierarchies                                 ; Auto               ; Auto               ;
; Auto Clock Enable Replacement                                                   ; On                 ; On                 ;
; Strict RAM Replacement                                                          ; Off                ; Off                ;
; Allow Synchronous Control Signals                                               ; On                 ; On                 ;
; Force Use of Synchronous Clear Signals                                          ; Off                ; Off                ;
; Auto Resource Sharing                                                           ; Off                ; Off                ;
; Allow Any RAM Size For Recognition                                              ; Off                ; Off                ;
; Allow Any ROM Size For Recognition                                              ; Off                ; Off                ;
; Allow Any Shift Register Size For Recognition                                   ; Off                ; Off                ;
; Use LogicLock Constraints during Resource Balancing                             ; On                 ; On                 ;
; Ignore translate_off and synthesis_off directives                               ; Off                ; Off                ;
; Timing-Driven Synthesis                                                         ; On                 ; On                 ;
; Report Parameter Settings                                                       ; On                 ; On                 ;
; Report Source Assignments                                                       ; On                 ; On                 ;
; Report Connectivity Checks                                                      ; On                 ; On                 ;
; Ignore Maximum Fan-Out Assignments                                              ; Off                ; Off                ;
; Synchronization Register Chain Length                                           ; 3                  ; 3                  ;
; Power Optimization During Synthesis                                             ; Normal compilation ; Normal compilation ;
; HDL message level                                                               ; Level2             ; Level2             ;
; Suppress Register Optimization Related Messages                                 ; Off                ; Off                ;
; Number of Removed Registers Reported in Synthesis Report                        ; 5000               ; 5000               ;
; Number of Swept Nodes Reported in Synthesis Report                              ; 5000               ; 5000               ;
; Number of Inverted Registers Reported in Synthesis Report                       ; 100                ; 100                ;
; Clock MUX Protection                                                            ; On                 ; On                 ;
; Auto Gated Clock Conversion                                                     ; Off                ; Off                ;
; Block Design Naming                                                             ; Auto               ; Auto               ;
; SDC constraint protection                                                       ; Off                ; Off                ;
; Synthesis Effort                                                                ; Auto               ; Auto               ;
; Shift Register Replacement - Allow Asynchronous Clear Signal                    ; On                 ; On                 ;
; Pre-Mapping Resynthesis Optimization                                            ; Off                ; Off                ;
; Analysis & Synthesis Message Level                                              ; Medium             ; Medium             ;
; Disable Register Merging Across Hierarchies                                     ; Auto               ; Auto               ;
; Resource Aware Inference For Block RAM                                          ; On                 ; On                 ;
; Automatic Parallel Synthesis                                                    ; On                 ; On                 ;
; Partial Reconfiguration Bitstream ID                                            ; Off                ; Off                ;
+---------------------------------------------------------------------------------+--------------------+--------------------+


+------------------------------------------+
; Parallel Compilation                     ;
+----------------------------+-------------+
; Processors                 ; Number      ;
+----------------------------+-------------+
; Number detected on machine ; 12          ;
; Maximum allowed            ; 8           ;
;                            ;             ;
; Average used               ; 1.00        ;
; Maximum used               ; 8           ;
;                            ;             ;
; Usage by Processor         ; % Time Used ;
;     Processor 1            ; 100.0%      ;
;     Processors 2-8         ;   0.0%      ;
+----------------------------+-------------+


+---------------------------------------------------------------------------------------------------------------------------------------------------------------------------------------------------------------+
; Analysis & Synthesis Source Files Read                                                                                                                                                                        ;
+----------------------------------+-----------------+------------------------------+-----------------------------------------------------------------------------------------------------------------+---------+
; File Name with User-Entered Path ; Used in Netlist ; File Type                    ; File Name with Absolute Path                                                                                    ; Library ;
+----------------------------------+-----------------+------------------------------+-----------------------------------------------------------------------------------------------------------------+---------+
; vgaController.sv                 ; yes             ; User SystemVerilog HDL File  ; C:/MPointer/jserracin_fmendez_gvargas_digital_design_lab_2025/laboratorio_3/Connect4/vgaController.sv           ;         ;
; VGA.sv                           ; yes             ; User SystemVerilog HDL File  ; C:/MPointer/jserracin_fmendez_gvargas_digital_design_lab_2025/laboratorio_3/Connect4/VGA.sv                     ;         ;
; verificarJugador.sv              ; yes             ; User SystemVerilog HDL File  ; C:/MPointer/jserracin_fmendez_gvargas_digital_design_lab_2025/laboratorio_3/Connect4/verificarJugador.sv        ;         ;
; RGB_Controller.sv                ; yes             ; User SystemVerilog HDL File  ; C:/MPointer/jserracin_fmendez_gvargas_digital_design_lab_2025/laboratorio_3/Connect4/RGB_Controller.sv          ;         ;
; connect4_tipos.sv                ; yes             ; User SystemVerilog HDL File  ; C:/MPointer/jserracin_fmendez_gvargas_digital_design_lab_2025/laboratorio_3/Connect4/connect4_tipos.sv          ;         ;
; connect4_fsm.sv                  ; yes             ; User SystemVerilog HDL File  ; C:/MPointer/jserracin_fmendez_gvargas_digital_design_lab_2025/laboratorio_3/Connect4/connect4_fsm.sv            ;         ;
; connect4_counter.sv              ; yes             ; User SystemVerilog HDL File  ; C:/MPointer/jserracin_fmendez_gvargas_digital_design_lab_2025/laboratorio_3/Connect4/connect4_counter.sv        ;         ;
; clockDivider.sv                  ; yes             ; User SystemVerilog HDL File  ; C:/MPointer/jserracin_fmendez_gvargas_digital_design_lab_2025/laboratorio_3/Connect4/clockDivider.sv            ;         ;
; connect4.sv                      ; yes             ; User SystemVerilog HDL File  ; C:/MPointer/jserracin_fmendez_gvargas_digital_design_lab_2025/laboratorio_3/Connect4/connect4.sv                ;         ;
; turnos.sv                        ; yes             ; User SystemVerilog HDL File  ; C:/MPointer/jserracin_fmendez_gvargas_digital_design_lab_2025/laboratorio_3/Connect4/turnos.sv                  ;         ;
; Ganador.sv                       ; yes             ; User SystemVerilog HDL File  ; C:/MPointer/jserracin_fmendez_gvargas_digital_design_lab_2025/laboratorio_3/Connect4/Ganador.sv                 ;         ;
; WinnerScreen.sv                  ; yes             ; User SystemVerilog HDL File  ; C:/MPointer/jserracin_fmendez_gvargas_digital_design_lab_2025/laboratorio_3/Connect4/WinnerScreen.sv            ;         ;
; lpm_divide.tdf                   ; yes             ; Megafunction                 ; c:/intelfpga_lite/23.1std/quartus/libraries/megafunctions/lpm_divide.tdf                                        ;         ;
; abs_divider.inc                  ; yes             ; Megafunction                 ; c:/intelfpga_lite/23.1std/quartus/libraries/megafunctions/abs_divider.inc                                       ;         ;
; sign_div_unsign.inc              ; yes             ; Megafunction                 ; c:/intelfpga_lite/23.1std/quartus/libraries/megafunctions/sign_div_unsign.inc                                   ;         ;
; aglobal231.inc                   ; yes             ; Megafunction                 ; c:/intelfpga_lite/23.1std/quartus/libraries/megafunctions/aglobal231.inc                                        ;         ;
; db/lpm_divide_k3m.tdf            ; yes             ; Auto-Generated Megafunction  ; C:/MPointer/jserracin_fmendez_gvargas_digital_design_lab_2025/laboratorio_3/Connect4/db/lpm_divide_k3m.tdf      ;         ;
; db/sign_div_unsign_nlh.tdf       ; yes             ; Auto-Generated Megafunction  ; C:/MPointer/jserracin_fmendez_gvargas_digital_design_lab_2025/laboratorio_3/Connect4/db/sign_div_unsign_nlh.tdf ;         ;
; db/alt_u_div_kve.tdf             ; yes             ; Auto-Generated Megafunction  ; C:/MPointer/jserracin_fmendez_gvargas_digital_design_lab_2025/laboratorio_3/Connect4/db/alt_u_div_kve.tdf       ;         ;
; db/lpm_divide_lbm.tdf            ; yes             ; Auto-Generated Megafunction  ; C:/MPointer/jserracin_fmendez_gvargas_digital_design_lab_2025/laboratorio_3/Connect4/db/lpm_divide_lbm.tdf      ;         ;
; db/sign_div_unsign_rlh.tdf       ; yes             ; Auto-Generated Megafunction  ; C:/MPointer/jserracin_fmendez_gvargas_digital_design_lab_2025/laboratorio_3/Connect4/db/sign_div_unsign_rlh.tdf ;         ;
; db/alt_u_div_sve.tdf             ; yes             ; Auto-Generated Megafunction  ; C:/MPointer/jserracin_fmendez_gvargas_digital_design_lab_2025/laboratorio_3/Connect4/db/alt_u_div_sve.tdf       ;         ;
; db/lpm_divide_hbm.tdf            ; yes             ; Auto-Generated Megafunction  ; C:/MPointer/jserracin_fmendez_gvargas_digital_design_lab_2025/laboratorio_3/Connect4/db/lpm_divide_hbm.tdf      ;         ;
+----------------------------------+-----------------+------------------------------+-----------------------------------------------------------------------------------------------------------------+---------+


+---------------------------------------------------------+
; Analysis & Synthesis Resource Usage Summary             ;
+---------------------------------------------+-----------+
; Resource                                    ; Usage     ;
+---------------------------------------------+-----------+
; Estimate of Logic utilization (ALMs needed) ; 502       ;
;                                             ;           ;
; Combinational ALUT usage for logic          ; 896       ;
;     -- 7 input functions                    ; 0         ;
;     -- 6 input functions                    ; 99        ;
;     -- 5 input functions                    ; 131       ;
;     -- 4 input functions                    ; 102       ;
;     -- <=3 input functions                  ; 564       ;
;                                             ;           ;
; Dedicated logic registers                   ; 173       ;
;                                             ;           ;
; I/O pins                                    ; 38        ;
;                                             ;           ;
; Total DSP Blocks                            ; 1         ;
;                                             ;           ;
; Maximum fan-out node                        ; clk~input ;
; Maximum fan-out                             ; 152       ;
; Total fan-out                               ; 3631      ;
; Average fan-out                             ; 3.17      ;
+---------------------------------------------+-----------+


+--------------------------------------------------------------------------------------------------------------------------------------------------------------------------------------------------------------------------------------------------------------------------------------------------------------------------------------------+
; Analysis & Synthesis Resource Utilization by Entity                                                                                                                                                                                                                                                                                        ;
+----------------------------------------------+---------------------+---------------------------+-------------------+------------+------+--------------+-----------------------------------------------------------------------------------------------------------------------------------------------+---------------------+--------------+
; Compilation Hierarchy Node                   ; Combinational ALUTs ; Dedicated Logic Registers ; Block Memory Bits ; DSP Blocks ; Pins ; Virtual Pins ; Full Hierarchy Name                                                                                                                           ; Entity Name         ; Library Name ;
+----------------------------------------------+---------------------+---------------------------+-------------------+------------+------+--------------+-----------------------------------------------------------------------------------------------------------------------------------------------+---------------------+--------------+
; |connect4                                    ; 896 (5)             ; 173 (0)                   ; 0                 ; 1          ; 38   ; 0            ; |connect4                                                                                                                                     ; connect4            ; work         ;
;    |Ganador:ganador_inst|                    ; 83 (83)             ; 1 (1)                     ; 0                 ; 0          ; 0    ; 0            ; |connect4|Ganador:ganador_inst                                                                                                                ; Ganador             ; work         ;
;    |VGA:vga_inst|                            ; 625 (0)             ; 21 (0)                    ; 0                 ; 1          ; 0    ; 0            ; |connect4|VGA:vga_inst                                                                                                                        ; VGA                 ; work         ;
;       |RGB_Controller:rgbCtrl|               ; 594 (115)           ; 0 (0)                     ; 0                 ; 1          ; 0    ; 0            ; |connect4|VGA:vga_inst|RGB_Controller:rgbCtrl                                                                                                 ; RGB_Controller      ; work         ;
;          |WinnerScreen:winnerScreen_inst|    ; 191 (191)           ; 0 (0)                     ; 0                 ; 1          ; 0    ; 0            ; |connect4|VGA:vga_inst|RGB_Controller:rgbCtrl|WinnerScreen:winnerScreen_inst                                                                  ; WinnerScreen        ; work         ;
;          |lpm_divide:Div0|                   ; 60 (0)              ; 0 (0)                     ; 0                 ; 0          ; 0    ; 0            ; |connect4|VGA:vga_inst|RGB_Controller:rgbCtrl|lpm_divide:Div0                                                                                 ; lpm_divide          ; work         ;
;             |lpm_divide_hbm:auto_generated|  ; 60 (0)              ; 0 (0)                     ; 0                 ; 0          ; 0    ; 0            ; |connect4|VGA:vga_inst|RGB_Controller:rgbCtrl|lpm_divide:Div0|lpm_divide_hbm:auto_generated                                                   ; lpm_divide_hbm      ; work         ;
;                |sign_div_unsign_nlh:divider| ; 60 (0)              ; 0 (0)                     ; 0                 ; 0          ; 0    ; 0            ; |connect4|VGA:vga_inst|RGB_Controller:rgbCtrl|lpm_divide:Div0|lpm_divide_hbm:auto_generated|sign_div_unsign_nlh:divider                       ; sign_div_unsign_nlh ; work         ;
;                   |alt_u_div_kve:divider|    ; 60 (60)             ; 0 (0)                     ; 0                 ; 0          ; 0    ; 0            ; |connect4|VGA:vga_inst|RGB_Controller:rgbCtrl|lpm_divide:Div0|lpm_divide_hbm:auto_generated|sign_div_unsign_nlh:divider|alt_u_div_kve:divider ; alt_u_div_kve       ; work         ;
;          |lpm_divide:Div1|                   ; 168 (0)             ; 0 (0)                     ; 0                 ; 0          ; 0    ; 0            ; |connect4|VGA:vga_inst|RGB_Controller:rgbCtrl|lpm_divide:Div1                                                                                 ; lpm_divide          ; work         ;
;             |lpm_divide_lbm:auto_generated|  ; 168 (0)             ; 0 (0)                     ; 0                 ; 0          ; 0    ; 0            ; |connect4|VGA:vga_inst|RGB_Controller:rgbCtrl|lpm_divide:Div1|lpm_divide_lbm:auto_generated                                                   ; lpm_divide_lbm      ; work         ;
;                |sign_div_unsign_rlh:divider| ; 168 (0)             ; 0 (0)                     ; 0                 ; 0          ; 0    ; 0            ; |connect4|VGA:vga_inst|RGB_Controller:rgbCtrl|lpm_divide:Div1|lpm_divide_lbm:auto_generated|sign_div_unsign_rlh:divider                       ; sign_div_unsign_rlh ; work         ;
;                   |alt_u_div_sve:divider|    ; 168 (168)           ; 0 (0)                     ; 0                 ; 0          ; 0    ; 0            ; |connect4|VGA:vga_inst|RGB_Controller:rgbCtrl|lpm_divide:Div1|lpm_divide_lbm:auto_generated|sign_div_unsign_rlh:divider|alt_u_div_sve:divider ; alt_u_div_sve       ; work         ;
;          |lpm_divide:Mod0|                   ; 60 (0)              ; 0 (0)                     ; 0                 ; 0          ; 0    ; 0            ; |connect4|VGA:vga_inst|RGB_Controller:rgbCtrl|lpm_divide:Mod0                                                                                 ; lpm_divide          ; work         ;
;             |lpm_divide_k3m:auto_generated|  ; 60 (0)              ; 0 (0)                     ; 0                 ; 0          ; 0    ; 0            ; |connect4|VGA:vga_inst|RGB_Controller:rgbCtrl|lpm_divide:Mod0|lpm_divide_k3m:auto_generated                                                   ; lpm_divide_k3m      ; work         ;
;                |sign_div_unsign_nlh:divider| ; 60 (0)              ; 0 (0)                     ; 0                 ; 0          ; 0    ; 0            ; |connect4|VGA:vga_inst|RGB_Controller:rgbCtrl|lpm_divide:Mod0|lpm_divide_k3m:auto_generated|sign_div_unsign_nlh:divider                       ; sign_div_unsign_nlh ; work         ;
;                   |alt_u_div_kve:divider|    ; 60 (60)             ; 0 (0)                     ; 0                 ; 0          ; 0    ; 0            ; |connect4|VGA:vga_inst|RGB_Controller:rgbCtrl|lpm_divide:Mod0|lpm_divide_k3m:auto_generated|sign_div_unsign_nlh:divider|alt_u_div_kve:divider ; alt_u_div_kve       ; work         ;
;       |clockDivider:clkDiv|                  ; 1 (1)               ; 1 (1)                     ; 0                 ; 0          ; 0    ; 0            ; |connect4|VGA:vga_inst|clockDivider:clkDiv                                                                                                    ; clockDivider        ; work         ;
;       |vgaController:vgaCont|                ; 30 (30)             ; 20 (20)                   ; 0                 ; 0          ; 0    ; 0            ; |connect4|VGA:vga_inst|vgaController:vgaCont                                                                                                  ; vgaController       ; work         ;
;    |connect4_counter:comb_14|                ; 40 (40)             ; 30 (30)                   ; 0                 ; 0          ; 0    ; 0            ; |connect4|connect4_counter:comb_14                                                                                                            ; connect4_counter    ; work         ;
;    |connect4_fsm:fsm_inst|                   ; 18 (18)             ; 15 (15)                   ; 0                 ; 0          ; 0    ; 0            ; |connect4|connect4_fsm:fsm_inst                                                                                                               ; connect4_fsm        ; work         ;
;    |turnos:turnoJ1_inst|                     ; 10 (10)             ; 7 (7)                     ; 0                 ; 0          ; 0    ; 0            ; |connect4|turnos:turnoJ1_inst                                                                                                                 ; turnos              ; work         ;
;    |turnos:turnoJ2_inst|                     ; 10 (10)             ; 7 (7)                     ; 0                 ; 0          ; 0    ; 0            ; |connect4|turnos:turnoJ2_inst                                                                                                                 ; turnos              ; work         ;
;    |verificarJugador:verificarJugador_inst|  ; 105 (105)           ; 92 (92)                   ; 0                 ; 0          ; 0    ; 0            ; |connect4|verificarJugador:verificarJugador_inst                                                                                              ; verificarJugador    ; work         ;
+----------------------------------------------+---------------------+---------------------------+-------------------+------------+------+--------------+-----------------------------------------------------------------------------------------------------------------------------------------------+---------------------+--------------+
Note: For table entries with two numbers listed, the numbers in parentheses indicate the number of resources of the given type used by the specific entity alone. The numbers listed outside of parentheses indicate the total resources of the given type used by the specific entity and all of its sub-entities in the hierarchy.


+-----------------------------------------------+
; Analysis & Synthesis DSP Block Usage Summary  ;
+---------------------------------+-------------+
; Statistic                       ; Number Used ;
+---------------------------------+-------------+
; Independent 9x9                 ; 1           ;
; Total number of DSP blocks      ; 1           ;
;                                 ;             ;
; Fixed Point Unsigned Multiplier ; 1           ;
+---------------------------------+-------------+


Encoding Type:  One-Hot
+---------------------------------------------------------------------------------------------------------------------------------------------------------------------------------------------------------------------------------------------------------------------------------------------------------------+
; State Machine - |connect4|connect4_fsm:fsm_inst|state                                                                                                                                                                                                                                                         ;
+-----------------------+--------------------+------------------+-----------------+-----------------+--------------------+----------------+--------------------+------------------+-----------------+-----------------+--------------------+----------------+-----------------------+------------+--------------+
; Name                  ; state.FIN_JUEGO_J2 ; state.GANADOR_J2 ; state.RANDOM_J2 ; state.TIEMPO_J2 ; state.VERIFICAR_J2 ; state.TURNO_J2 ; state.FIN_JUEGO_J1 ; state.GANADOR_J1 ; state.RANDOM_J1 ; state.TIEMPO_J1 ; state.VERIFICAR_J1 ; state.TURNO_J1 ; state.JUGADOR_INICIAL ; state.MENU ; state.INICIO ;
+-----------------------+--------------------+------------------+-----------------+-----------------+--------------------+----------------+--------------------+------------------+-----------------+-----------------+--------------------+----------------+-----------------------+------------+--------------+
; state.INICIO          ; 0                  ; 0                ; 0               ; 0               ; 0                  ; 0              ; 0                  ; 0                ; 0               ; 0               ; 0                  ; 0              ; 0                     ; 0          ; 0            ;
; state.MENU            ; 0                  ; 0                ; 0               ; 0               ; 0                  ; 0              ; 0                  ; 0                ; 0               ; 0               ; 0                  ; 0              ; 0                     ; 1          ; 1            ;
; state.JUGADOR_INICIAL ; 0                  ; 0                ; 0               ; 0               ; 0                  ; 0              ; 0                  ; 0                ; 0               ; 0               ; 0                  ; 0              ; 1                     ; 0          ; 1            ;
; state.TURNO_J1        ; 0                  ; 0                ; 0               ; 0               ; 0                  ; 0              ; 0                  ; 0                ; 0               ; 0               ; 0                  ; 1              ; 0                     ; 0          ; 1            ;
; state.VERIFICAR_J1    ; 0                  ; 0                ; 0               ; 0               ; 0                  ; 0              ; 0                  ; 0                ; 0               ; 0               ; 1                  ; 0              ; 0                     ; 0          ; 1            ;
; state.TIEMPO_J1       ; 0                  ; 0                ; 0               ; 0               ; 0                  ; 0              ; 0                  ; 0                ; 0               ; 1               ; 0                  ; 0              ; 0                     ; 0          ; 1            ;
; state.RANDOM_J1       ; 0                  ; 0                ; 0               ; 0               ; 0                  ; 0              ; 0                  ; 0                ; 1               ; 0               ; 0                  ; 0              ; 0                     ; 0          ; 1            ;
; state.GANADOR_J1      ; 0                  ; 0                ; 0               ; 0               ; 0                  ; 0              ; 0                  ; 1                ; 0               ; 0               ; 0                  ; 0              ; 0                     ; 0          ; 1            ;
; state.FIN_JUEGO_J1    ; 0                  ; 0                ; 0               ; 0               ; 0                  ; 0              ; 1                  ; 0                ; 0               ; 0               ; 0                  ; 0              ; 0                     ; 0          ; 1            ;
; state.TURNO_J2        ; 0                  ; 0                ; 0               ; 0               ; 0                  ; 1              ; 0                  ; 0                ; 0               ; 0               ; 0                  ; 0              ; 0                     ; 0          ; 1            ;
; state.VERIFICAR_J2    ; 0                  ; 0                ; 0               ; 0               ; 1                  ; 0              ; 0                  ; 0                ; 0               ; 0               ; 0                  ; 0              ; 0                     ; 0          ; 1            ;
; state.TIEMPO_J2       ; 0                  ; 0                ; 0               ; 1               ; 0                  ; 0              ; 0                  ; 0                ; 0               ; 0               ; 0                  ; 0              ; 0                     ; 0          ; 1            ;
; state.RANDOM_J2       ; 0                  ; 0                ; 1               ; 0               ; 0                  ; 0              ; 0                  ; 0                ; 0               ; 0               ; 0                  ; 0              ; 0                     ; 0          ; 1            ;
; state.GANADOR_J2      ; 0                  ; 1                ; 0               ; 0               ; 0                  ; 0              ; 0                  ; 0                ; 0               ; 0               ; 0                  ; 0              ; 0                     ; 0          ; 1            ;
; state.FIN_JUEGO_J2    ; 1                  ; 0                ; 0               ; 0               ; 0                  ; 0              ; 0                  ; 0                ; 0               ; 0               ; 0                  ; 0              ; 0                     ; 0          ; 1            ;
+-----------------------+--------------------+------------------+-----------------+-----------------+--------------------+----------------+--------------------+------------------+-----------------+-----------------+--------------------+----------------+-----------------------+------------+--------------+


+------------------------------------------------------------+
; Registers Removed During Synthesis                         ;
+---------------------------------------+--------------------+
; Register name                         ; Reason for Removal ;
+---------------------------------------+--------------------+
; connect4_fsm:fsm_inst|state~4         ; Lost fanout        ;
; connect4_fsm:fsm_inst|state~5         ; Lost fanout        ;
; connect4_fsm:fsm_inst|state~6         ; Lost fanout        ;
; connect4_fsm:fsm_inst|state~7         ; Lost fanout        ;
; connect4_fsm:fsm_inst|state~8         ; Lost fanout        ;
; Total Number of Removed Registers = 5 ;                    ;
+---------------------------------------+--------------------+


+------------------------------------------------------+
; General Register Statistics                          ;
+----------------------------------------------+-------+
; Statistic                                    ; Value ;
+----------------------------------------------+-------+
; Total registers                              ; 173   ;
; Number of registers using Synchronous Clear  ; 20    ;
; Number of registers using Synchronous Load   ; 0     ;
; Number of registers using Asynchronous Clear ; 151   ;
; Number of registers using Asynchronous Load  ; 0     ;
; Number of registers using Clock Enable       ; 128   ;
; Number of registers using Preset             ; 0     ;
+----------------------------------------------+-------+


+-----------------------------------------------------------------+
; Inverted Register Statistics                                    ;
+-------------------------------------------------------+---------+
; Inverted Register                                     ; Fan out ;
+-------------------------------------------------------+---------+
; verificarJugador:verificarJugador_inst|posicionReg[6] ; 17      ;
; Total number of inverted registers = 1                ;         ;
+-------------------------------------------------------+---------+


+-------------------------------------------------------------------------------------------------------------------------------------------------------------------------------+
; Multiplexer Restructuring Statistics (Restructuring Performed)                                                                                                                ;
+--------------------+-----------+---------------+----------------------+------------------------+------------+-----------------------------------------------------------------+
; Multiplexer Inputs ; Bus Width ; Baseline Area ; Area if Restructured ; Saving if Restructured ; Registered ; Example Multiplexer Output                                      ;
+--------------------+-----------+---------------+----------------------+------------------------+------------+-----------------------------------------------------------------+
; 5:1                ; 2 bits    ; 6 LEs         ; 4 LEs                ; 2 LEs                  ; Yes        ; |connect4|turnos:turnoJ1_inst|regDer                            ;
; 5:1                ; 2 bits    ; 6 LEs         ; 4 LEs                ; 2 LEs                  ; Yes        ; |connect4|turnos:turnoJ2_inst|regDer                            ;
; 6:1                ; 5 bits    ; 20 LEs        ; 15 LEs               ; 5 LEs                  ; Yes        ; |connect4|verificarJugador:verificarJugador_inst|posicionReg[1] ;
; 5:1                ; 2 bits    ; 6 LEs         ; 6 LEs                ; 0 LEs                  ; No         ; |connect4|VGA:vga_inst|RGB_Controller:rgbCtrl|color.BLUE        ;
; 52:1               ; 2 bits    ; 68 LEs        ; 58 LEs               ; 10 LEs                 ; No         ; |connect4|VGA:vga_inst|RGB_Controller:rgbCtrl|Mux6              ;
+--------------------+-----------+---------------+----------------------+------------------------+------------+-----------------------------------------------------------------+


+-------------------------------------------------------------------+
; Parameter Settings for User Entity Instance: Ganador:ganador_inst ;
+----------------+-------+------------------------------------------+
; Parameter Name ; Value ; Type                                     ;
+----------------+-------+------------------------------------------+
; rows           ; 6     ; Signed Integer                           ;
; columns        ; 7     ; Signed Integer                           ;
+----------------+-------+------------------------------------------+
Note: In order to hide this table in the UI and the text report file, please set the "Show Parameter Settings in Synthesis Report" option in "Analysis and Synthesis Settings -> More Settings" to "Off".


+---------------------------------------------------------------------------------+
; Parameter Settings for User Entity Instance: VGA:vga_inst|vgaController:vgaCont ;
+----------------+------------+---------------------------------------------------+
; Parameter Name ; Value      ; Type                                              ;
+----------------+------------+---------------------------------------------------+
; HACTIVE        ; 1010000000 ; Unsigned Binary                                   ;
; HFP            ; 0000010000 ; Unsigned Binary                                   ;
; HSYN           ; 0001100000 ; Unsigned Binary                                   ;
; HBP            ; 0000110000 ; Unsigned Binary                                   ;
; HMAX           ; 1100100000 ; Unsigned Binary                                   ;
; VBP            ; 0000100000 ; Unsigned Binary                                   ;
; VACTIVE        ; 0111100000 ; Unsigned Binary                                   ;
; VFP            ; 0000001011 ; Unsigned Binary                                   ;
; VSYN           ; 0000000010 ; Unsigned Binary                                   ;
; VMAX           ; 1000001101 ; Unsigned Binary                                   ;
+----------------+------------+---------------------------------------------------+
Note: In order to hide this table in the UI and the text report file, please set the "Show Parameter Settings in Synthesis Report" option in "Analysis and Synthesis Settings -> More Settings" to "Off".


+----------------------------------------------------------------------------------+
; Parameter Settings for User Entity Instance: VGA:vga_inst|RGB_Controller:rgbCtrl ;
+----------------+-------+---------------------------------------------------------+
; Parameter Name ; Value ; Type                                                    ;
+----------------+-------+---------------------------------------------------------+
; WHITE          ; 00    ; Unsigned Binary                                         ;
; RED            ; 01    ; Unsigned Binary                                         ;
; BLUE           ; 10    ; Unsigned Binary                                         ;
; BLACK          ; 11    ; Unsigned Binary                                         ;
+----------------+-------+---------------------------------------------------------+
Note: In order to hide this table in the UI and the text report file, please set the "Show Parameter Settings in Synthesis Report" option in "Analysis and Synthesis Settings -> More Settings" to "Off".


+------------------------------------------------------------------------------------------------------+
; Parameter Settings for Inferred Entity Instance: VGA:vga_inst|RGB_Controller:rgbCtrl|lpm_divide:Mod0 ;
+------------------------+----------------+------------------------------------------------------------+
; Parameter Name         ; Value          ; Type                                                       ;
+------------------------+----------------+------------------------------------------------------------+
; LPM_WIDTHN             ; 10             ; Untyped                                                    ;
; LPM_WIDTHD             ; 7              ; Untyped                                                    ;
; LPM_NREPRESENTATION    ; UNSIGNED       ; Untyped                                                    ;
; LPM_DREPRESENTATION    ; UNSIGNED       ; Untyped                                                    ;
; LPM_PIPELINE           ; 0              ; Untyped                                                    ;
; LPM_REMAINDERPOSITIVE  ; TRUE           ; Untyped                                                    ;
; MAXIMIZE_SPEED         ; 5              ; Untyped                                                    ;
; CBXI_PARAMETER         ; lpm_divide_k3m ; Untyped                                                    ;
; CARRY_CHAIN            ; MANUAL         ; Untyped                                                    ;
; OPTIMIZE_FOR_SPEED     ; 5              ; Untyped                                                    ;
; AUTO_CARRY_CHAINS      ; ON             ; AUTO_CARRY                                                 ;
; IGNORE_CARRY_BUFFERS   ; OFF            ; IGNORE_CARRY                                               ;
; AUTO_CASCADE_CHAINS    ; ON             ; AUTO_CASCADE                                               ;
; IGNORE_CASCADE_BUFFERS ; OFF            ; IGNORE_CASCADE                                             ;
+------------------------+----------------+------------------------------------------------------------+
Note: In order to hide this table in the UI and the text report file, please set the "Show Parameter Settings in Synthesis Report" option in "Analysis and Synthesis Settings -> More Settings" to "Off".


+------------------------------------------------------------------------------------------------------+
; Parameter Settings for Inferred Entity Instance: VGA:vga_inst|RGB_Controller:rgbCtrl|lpm_divide:Div1 ;
+------------------------+----------------+------------------------------------------------------------+
; Parameter Name         ; Value          ; Type                                                       ;
+------------------------+----------------+------------------------------------------------------------+
; LPM_WIDTHN             ; 32             ; Untyped                                                    ;
; LPM_WIDTHD             ; 7              ; Untyped                                                    ;
; LPM_NREPRESENTATION    ; UNSIGNED       ; Untyped                                                    ;
; LPM_DREPRESENTATION    ; UNSIGNED       ; Untyped                                                    ;
; LPM_PIPELINE           ; 0              ; Untyped                                                    ;
; LPM_REMAINDERPOSITIVE  ; TRUE           ; Untyped                                                    ;
; MAXIMIZE_SPEED         ; 5              ; Untyped                                                    ;
; CBXI_PARAMETER         ; lpm_divide_lbm ; Untyped                                                    ;
; CARRY_CHAIN            ; MANUAL         ; Untyped                                                    ;
; OPTIMIZE_FOR_SPEED     ; 5              ; Untyped                                                    ;
; AUTO_CARRY_CHAINS      ; ON             ; AUTO_CARRY                                                 ;
; IGNORE_CARRY_BUFFERS   ; OFF            ; IGNORE_CARRY                                               ;
; AUTO_CASCADE_CHAINS    ; ON             ; AUTO_CASCADE                                               ;
; IGNORE_CASCADE_BUFFERS ; OFF            ; IGNORE_CASCADE                                             ;
+------------------------+----------------+------------------------------------------------------------+
Note: In order to hide this table in the UI and the text report file, please set the "Show Parameter Settings in Synthesis Report" option in "Analysis and Synthesis Settings -> More Settings" to "Off".


+------------------------------------------------------------------------------------------------------+
; Parameter Settings for Inferred Entity Instance: VGA:vga_inst|RGB_Controller:rgbCtrl|lpm_divide:Div0 ;
+------------------------+----------------+------------------------------------------------------------+
; Parameter Name         ; Value          ; Type                                                       ;
+------------------------+----------------+------------------------------------------------------------+
; LPM_WIDTHN             ; 10             ; Untyped                                                    ;
; LPM_WIDTHD             ; 7              ; Untyped                                                    ;
; LPM_NREPRESENTATION    ; UNSIGNED       ; Untyped                                                    ;
; LPM_DREPRESENTATION    ; UNSIGNED       ; Untyped                                                    ;
; LPM_PIPELINE           ; 0              ; Untyped                                                    ;
; LPM_REMAINDERPOSITIVE  ; TRUE           ; Untyped                                                    ;
; MAXIMIZE_SPEED         ; 5              ; Untyped                                                    ;
; CBXI_PARAMETER         ; lpm_divide_hbm ; Untyped                                                    ;
; CARRY_CHAIN            ; MANUAL         ; Untyped                                                    ;
; OPTIMIZE_FOR_SPEED     ; 5              ; Untyped                                                    ;
; AUTO_CARRY_CHAINS      ; ON             ; AUTO_CARRY                                                 ;
; IGNORE_CARRY_BUFFERS   ; OFF            ; IGNORE_CARRY                                               ;
; AUTO_CASCADE_CHAINS    ; ON             ; AUTO_CASCADE                                               ;
; IGNORE_CASCADE_BUFFERS ; OFF            ; IGNORE_CASCADE                                             ;
+------------------------+----------------+------------------------------------------------------------+
Note: In order to hide this table in the UI and the text report file, please set the "Show Parameter Settings in Synthesis Report" option in "Analysis and Synthesis Settings -> More Settings" to "Off".


+-----------------------------------------------------------------------------------------------------------------------------------------------------------------------------------------------------------------+
; Port Connectivity Checks: "VGA:vga_inst|RGB_Controller:rgbCtrl|WinnerScreen:winnerScreen_inst"                                                                                                                  ;
+---------+-------+----------+------------------------------------------------------------------------------------------------------------------------------------------------------------------------------------+
; Port    ; Type  ; Severity ; Details                                                                                                                                                                            ;
+---------+-------+----------+------------------------------------------------------------------------------------------------------------------------------------------------------------------------------------+
; columna ; Input ; Warning  ; Input port expression (32 bits) is wider than the input port (3 bits) it drives.  The 29 most-significant bit(s) in the expression will be dangling if they have no other fanouts. ;
+---------+-------+----------+------------------------------------------------------------------------------------------------------------------------------------------------------------------------------------+


+----------------------------------------------------+
; Port Connectivity Checks: "connect4_fsm:fsm_inst"  ;
+------------------+-------+----------+--------------+
; Port             ; Type  ; Severity ; Details      ;
+------------------+-------+----------+--------------+
; inicio_juego     ; Input ; Info     ; Stuck at VCC ;
; random_valido_J1 ; Input ; Info     ; Stuck at VCC ;
; random_valido_J2 ; Input ; Info     ; Stuck at VCC ;
+------------------+-------+----------+--------------+


+-----------------------------------------------------+
; Post-Synthesis Netlist Statistics for Top Partition ;
+-----------------------+-----------------------------+
; Type                  ; Count                       ;
+-----------------------+-----------------------------+
; arriav_ff             ; 173                         ;
;     CLR               ; 33                          ;
;     ENA CLR           ; 118                         ;
;     ENA SCLR          ; 10                          ;
;     SCLR              ; 10                          ;
;     plain             ; 2                           ;
; arriav_lcell_comb     ; 897                         ;
;     arith             ; 358                         ;
;         0 data inputs ; 61                          ;
;         1 data inputs ; 188                         ;
;         2 data inputs ; 13                          ;
;         3 data inputs ; 60                          ;
;         4 data inputs ; 36                          ;
;     normal            ; 503                         ;
;         1 data inputs ; 11                          ;
;         2 data inputs ; 93                          ;
;         3 data inputs ; 103                         ;
;         4 data inputs ; 66                          ;
;         5 data inputs ; 131                         ;
;         6 data inputs ; 99                          ;
;     shared            ; 36                          ;
;         0 data inputs ; 6                           ;
;         1 data inputs ; 20                          ;
;         2 data inputs ; 10                          ;
; arriav_mac            ; 1                           ;
; boundary_port         ; 38                          ;
;                       ;                             ;
; Max LUT depth         ; 25.20                       ;
; Average LUT depth     ; 11.69                       ;
+-----------------------+-----------------------------+


+-------------------------------+
; Elapsed Time Per Partition    ;
+----------------+--------------+
; Partition Name ; Elapsed Time ;
+----------------+--------------+
; Top            ; 00:00:01     ;
+----------------+--------------+


+-------------------------------+
; Analysis & Synthesis Messages ;
+-------------------------------+
Info: *******************************************************************
Info: Running Quartus Prime Analysis & Synthesis
    Info: Version 23.1std.1 Build 993 05/14/2024 SC Lite Edition
    Info: Processing started: Wed May  7 09:30:51 2025
Info: Command: quartus_map --read_settings_files=on --write_settings_files=off connect4 -c connect4
Warning (18236): Number of processors has not been specified which may cause overloading on shared machines.  Set the global assignment NUM_PARALLEL_PROCESSORS in your QSF to an appropriate value for best performance.
Info (20030): Parallel compilation is enabled and will use 8 of the 8 processors detected
Info (12021): Found 1 design units, including 1 entities, in source file vga_test.sv
    Info (12023): Found entity 1: VGA_test File: C:/MPointer/jserracin_fmendez_gvargas_digital_design_lab_2025/laboratorio_3/Connect4/VGA_test.sv Line: 1
Info (12021): Found 1 design units, including 1 entities, in source file vga_tb.sv
    Info (12023): Found entity 1: VGA_tb File: C:/MPointer/jserracin_fmendez_gvargas_digital_design_lab_2025/laboratorio_3/Connect4/VGA_tb.sv Line: 3
Info (12021): Found 1 design units, including 1 entities, in source file vgacontroller.sv
    Info (12023): Found entity 1: vgaController File: C:/MPointer/jserracin_fmendez_gvargas_digital_design_lab_2025/laboratorio_3/Connect4/vgaController.sv Line: 1
Info (12021): Found 1 design units, including 1 entities, in source file vga.sv
    Info (12023): Found entity 1: VGA File: C:/MPointer/jserracin_fmendez_gvargas_digital_design_lab_2025/laboratorio_3/Connect4/VGA.sv Line: 1
Info (12021): Found 1 design units, including 1 entities, in source file verificarjugador.sv
    Info (12023): Found entity 1: verificarJugador File: C:/MPointer/jserracin_fmendez_gvargas_digital_design_lab_2025/laboratorio_3/Connect4/verificarJugador.sv Line: 1
Info (12021): Found 1 design units, including 1 entities, in source file tb_verificarjugador.sv
    Info (12023): Found entity 1: tb_verificarJugador File: C:/MPointer/jserracin_fmendez_gvargas_digital_design_lab_2025/laboratorio_3/Connect4/tb_verificarJugador.sv Line: 4
Info (12021): Found 1 design units, including 1 entities, in source file rgb_controller.sv
    Info (12023): Found entity 1: RGB_Controller File: C:/MPointer/jserracin_fmendez_gvargas_digital_design_lab_2025/laboratorio_3/Connect4/RGB_Controller.sv Line: 1
Info (12021): Found 1 design units, including 1 entities, in source file lfsr_3bit.sv
    Info (12023): Found entity 1: lfsr_3bit File: C:/MPointer/jserracin_fmendez_gvargas_digital_design_lab_2025/laboratorio_3/Connect4/lfsr_3bit.sv Line: 1
Info (12021): Found 1 design units, including 1 entities, in source file genrect.sv
    Info (12023): Found entity 1: genRect File: C:/MPointer/jserracin_fmendez_gvargas_digital_design_lab_2025/laboratorio_3/Connect4/genRect.sv Line: 1
Info (12021): Found 1 design units, including 0 entities, in source file connect4_tipos.sv
    Info (12022): Found design unit 1: connect4_tipos (SystemVerilog) File: C:/MPointer/jserracin_fmendez_gvargas_digital_design_lab_2025/laboratorio_3/Connect4/connect4_tipos.sv Line: 5
Info (12021): Found 1 design units, including 1 entities, in source file connect4_fsm.sv
    Info (12023): Found entity 1: connect4_fsm File: C:/MPointer/jserracin_fmendez_gvargas_digital_design_lab_2025/laboratorio_3/Connect4/connect4_fsm.sv Line: 3
Info (12021): Found 1 design units, including 1 entities, in source file connect4_counter_tb.sv
    Info (12023): Found entity 1: connect4_counter_tb File: C:/MPointer/jserracin_fmendez_gvargas_digital_design_lab_2025/laboratorio_3/Connect4/connect4_counter_tb.sv Line: 3
Info (12021): Found 1 design units, including 1 entities, in source file connect4_counter.sv
    Info (12023): Found entity 1: connect4_counter File: C:/MPointer/jserracin_fmendez_gvargas_digital_design_lab_2025/laboratorio_3/Connect4/connect4_counter.sv Line: 1
Info (12021): Found 1 design units, including 1 entities, in source file clockdivider.sv
    Info (12023): Found entity 1: clockDivider File: C:/MPointer/jserracin_fmendez_gvargas_digital_design_lab_2025/laboratorio_3/Connect4/clockDivider.sv Line: 1
Info (12021): Found 1 design units, including 1 entities, in source file connect4.sv
    Info (12023): Found entity 1: connect4 File: C:/MPointer/jserracin_fmendez_gvargas_digital_design_lab_2025/laboratorio_3/Connect4/connect4.sv Line: 1
Info (12021): Found 1 design units, including 1 entities, in source file turnos.sv
    Info (12023): Found entity 1: turnos File: C:/MPointer/jserracin_fmendez_gvargas_digital_design_lab_2025/laboratorio_3/Connect4/turnos.sv Line: 1
Info (12021): Found 1 design units, including 1 entities, in source file jugadoractual.sv
    Info (12023): Found entity 1: jugadorActual File: C:/MPointer/jserracin_fmendez_gvargas_digital_design_lab_2025/laboratorio_3/Connect4/jugadorActual.sv Line: 1
Info (12021): Found 1 design units, including 1 entities, in source file ganador.sv
    Info (12023): Found entity 1: Ganador File: C:/MPointer/jserracin_fmendez_gvargas_digital_design_lab_2025/laboratorio_3/Connect4/Ganador.sv Line: 4
Info (12021): Found 1 design units, including 1 entities, in source file ganador_tb.sv
    Info (12023): Found entity 1: Ganador_tb File: C:/MPointer/jserracin_fmendez_gvargas_digital_design_lab_2025/laboratorio_3/Connect4/Ganador_tb.sv Line: 3
Info (12021): Found 1 design units, including 1 entities, in source file winnerscreen.sv
    Info (12023): Found entity 1: WinnerScreen File: C:/MPointer/jserracin_fmendez_gvargas_digital_design_lab_2025/laboratorio_3/Connect4/WinnerScreen.sv Line: 1
Critical Warning (10846): Verilog HDL Instantiation warning at connect4.sv(87): instance has no name File: C:/MPointer/jserracin_fmendez_gvargas_digital_design_lab_2025/laboratorio_3/Connect4/connect4.sv Line: 87
Info (12127): Elaborating entity "connect4" for the top level hierarchy
Info (12128): Elaborating entity "verificarJugador" for hierarchy "verificarJugador:verificarJugador_inst" File: C:/MPointer/jserracin_fmendez_gvargas_digital_design_lab_2025/laboratorio_3/Connect4/connect4.sv Line: 43
Info (12128): Elaborating entity "Ganador" for hierarchy "Ganador:ganador_inst" File: C:/MPointer/jserracin_fmendez_gvargas_digital_design_lab_2025/laboratorio_3/Connect4/connect4.sv Line: 52
Info (12128): Elaborating entity "turnos" for hierarchy "turnos:turnoJ1_inst" File: C:/MPointer/jserracin_fmendez_gvargas_digital_design_lab_2025/laboratorio_3/Connect4/connect4.sv Line: 67
Info (12128): Elaborating entity "connect4_counter" for hierarchy "connect4_counter:comb_14" File: C:/MPointer/jserracin_fmendez_gvargas_digital_design_lab_2025/laboratorio_3/Connect4/connect4.sv Line: 87
Warning (10230): Verilog HDL assignment warning at connect4_counter.sv(16): truncated value with size 32 to match size of target (29) File: C:/MPointer/jserracin_fmendez_gvargas_digital_design_lab_2025/laboratorio_3/Connect4/connect4_counter.sv Line: 16
Info (12128): Elaborating entity "connect4_fsm" for hierarchy "connect4_fsm:fsm_inst" File: C:/MPointer/jserracin_fmendez_gvargas_digital_design_lab_2025/laboratorio_3/Connect4/connect4.sv Line: 114
Info (12128): Elaborating entity "VGA" for hierarchy "VGA:vga_inst" File: C:/MPointer/jserracin_fmendez_gvargas_digital_design_lab_2025/laboratorio_3/Connect4/connect4.sv Line: 131
Info (12128): Elaborating entity "clockDivider" for hierarchy "VGA:vga_inst|clockDivider:clkDiv" File: C:/MPointer/jserracin_fmendez_gvargas_digital_design_lab_2025/laboratorio_3/Connect4/VGA.sv Line: 18
Info (12128): Elaborating entity "vgaController" for hierarchy "VGA:vga_inst|vgaController:vgaCont" File: C:/MPointer/jserracin_fmendez_gvargas_digital_design_lab_2025/laboratorio_3/Connect4/VGA.sv Line: 20
Info (12128): Elaborating entity "RGB_Controller" for hierarchy "VGA:vga_inst|RGB_Controller:rgbCtrl" File: C:/MPointer/jserracin_fmendez_gvargas_digital_design_lab_2025/laboratorio_3/Connect4/VGA.sv Line: 33
Info (12128): Elaborating entity "WinnerScreen" for hierarchy "VGA:vga_inst|RGB_Controller:rgbCtrl|WinnerScreen:winnerScreen_inst" File: C:/MPointer/jserracin_fmendez_gvargas_digital_design_lab_2025/laboratorio_3/Connect4/RGB_Controller.sv Line: 28
Warning (10230): Verilog HDL assignment warning at WinnerScreen.sv(13): truncated value with size 32 to match size of target (10) File: C:/MPointer/jserracin_fmendez_gvargas_digital_design_lab_2025/laboratorio_3/Connect4/WinnerScreen.sv Line: 13
Info (278001): Inferred 3 megafunctions from design logic
    Info (278004): Inferred divider/modulo megafunction ("lpm_divide") from the following logic: "VGA:vga_inst|RGB_Controller:rgbCtrl|Mod0" File: C:/MPointer/jserracin_fmendez_gvargas_digital_design_lab_2025/laboratorio_3/Connect4/RGB_Controller.sv Line: 41
    Info (278004): Inferred divider/modulo megafunction ("lpm_divide") from the following logic: "VGA:vga_inst|RGB_Controller:rgbCtrl|Div1" File: C:/MPointer/jserracin_fmendez_gvargas_digital_design_lab_2025/laboratorio_3/Connect4/RGB_Controller.sv Line: 38
    Info (278004): Inferred divider/modulo megafunction ("lpm_divide") from the following logic: "VGA:vga_inst|RGB_Controller:rgbCtrl|Div0" File: C:/MPointer/jserracin_fmendez_gvargas_digital_design_lab_2025/laboratorio_3/Connect4/RGB_Controller.sv Line: 37
Info (12130): Elaborated megafunction instantiation "VGA:vga_inst|RGB_Controller:rgbCtrl|lpm_divide:Mod0" File: C:/MPointer/jserracin_fmendez_gvargas_digital_design_lab_2025/laboratorio_3/Connect4/RGB_Controller.sv Line: 41
Info (12133): Instantiated megafunction "VGA:vga_inst|RGB_Controller:rgbCtrl|lpm_divide:Mod0" with the following parameter: File: C:/MPointer/jserracin_fmendez_gvargas_digital_design_lab_2025/laboratorio_3/Connect4/RGB_Controller.sv Line: 41
    Info (12134): Parameter "LPM_WIDTHN" = "10"
    Info (12134): Parameter "LPM_WIDTHD" = "7"
    Info (12134): Parameter "LPM_NREPRESENTATION" = "UNSIGNED"
    Info (12134): Parameter "LPM_DREPRESENTATION" = "UNSIGNED"
Info (12021): Found 1 design units, including 1 entities, in source file db/lpm_divide_k3m.tdf
    Info (12023): Found entity 1: lpm_divide_k3m File: C:/MPointer/jserracin_fmendez_gvargas_digital_design_lab_2025/laboratorio_3/Connect4/db/lpm_divide_k3m.tdf Line: 25
Info (12021): Found 1 design units, including 1 entities, in source file db/sign_div_unsign_nlh.tdf
    Info (12023): Found entity 1: sign_div_unsign_nlh File: C:/MPointer/jserracin_fmendez_gvargas_digital_design_lab_2025/laboratorio_3/Connect4/db/sign_div_unsign_nlh.tdf Line: 25
Info (12021): Found 1 design units, including 1 entities, in source file db/alt_u_div_kve.tdf
    Info (12023): Found entity 1: alt_u_div_kve File: C:/MPointer/jserracin_fmendez_gvargas_digital_design_lab_2025/laboratorio_3/Connect4/db/alt_u_div_kve.tdf Line: 23
Info (12130): Elaborated megafunction instantiation "VGA:vga_inst|RGB_Controller:rgbCtrl|lpm_divide:Div1" File: C:/MPointer/jserracin_fmendez_gvargas_digital_design_lab_2025/laboratorio_3/Connect4/RGB_Controller.sv Line: 38
Info (12133): Instantiated megafunction "VGA:vga_inst|RGB_Controller:rgbCtrl|lpm_divide:Div1" with the following parameter: File: C:/MPointer/jserracin_fmendez_gvargas_digital_design_lab_2025/laboratorio_3/Connect4/RGB_Controller.sv Line: 38
    Info (12134): Parameter "LPM_WIDTHN" = "32"
    Info (12134): Parameter "LPM_WIDTHD" = "7"
    Info (12134): Parameter "LPM_NREPRESENTATION" = "UNSIGNED"
    Info (12134): Parameter "LPM_DREPRESENTATION" = "UNSIGNED"
Info (12021): Found 1 design units, including 1 entities, in source file db/lpm_divide_lbm.tdf
    Info (12023): Found entity 1: lpm_divide_lbm File: C:/MPointer/jserracin_fmendez_gvargas_digital_design_lab_2025/laboratorio_3/Connect4/db/lpm_divide_lbm.tdf Line: 25
Info (12021): Found 1 design units, including 1 entities, in source file db/sign_div_unsign_rlh.tdf
    Info (12023): Found entity 1: sign_div_unsign_rlh File: C:/MPointer/jserracin_fmendez_gvargas_digital_design_lab_2025/laboratorio_3/Connect4/db/sign_div_unsign_rlh.tdf Line: 25
Info (12021): Found 1 design units, including 1 entities, in source file db/alt_u_div_sve.tdf
    Info (12023): Found entity 1: alt_u_div_sve File: C:/MPointer/jserracin_fmendez_gvargas_digital_design_lab_2025/laboratorio_3/Connect4/db/alt_u_div_sve.tdf Line: 23
Info (12130): Elaborated megafunction instantiation "VGA:vga_inst|RGB_Controller:rgbCtrl|lpm_divide:Div0" File: C:/MPointer/jserracin_fmendez_gvargas_digital_design_lab_2025/laboratorio_3/Connect4/RGB_Controller.sv Line: 37
Info (12133): Instantiated megafunction "VGA:vga_inst|RGB_Controller:rgbCtrl|lpm_divide:Div0" with the following parameter: File: C:/MPointer/jserracin_fmendez_gvargas_digital_design_lab_2025/laboratorio_3/Connect4/RGB_Controller.sv Line: 37
    Info (12134): Parameter "LPM_WIDTHN" = "10"
    Info (12134): Parameter "LPM_WIDTHD" = "7"
    Info (12134): Parameter "LPM_NREPRESENTATION" = "UNSIGNED"
    Info (12134): Parameter "LPM_DREPRESENTATION" = "UNSIGNED"
Info (12021): Found 1 design units, including 1 entities, in source file db/lpm_divide_hbm.tdf
    Info (12023): Found entity 1: lpm_divide_hbm File: C:/MPointer/jserracin_fmendez_gvargas_digital_design_lab_2025/laboratorio_3/Connect4/db/lpm_divide_hbm.tdf Line: 25
Warning (12241): 1 hierarchies have connectivity warnings - see the Connectivity Checks report folder
Info (286030): Timing-Driven Synthesis is running
Info (17049): 5 registers lost all their fanouts during netlist optimizations.
Info (144001): Generated suppressed messages file C:/MPointer/jserracin_fmendez_gvargas_digital_design_lab_2025/laboratorio_3/Connect4/output_files/connect4.map.smsg
Info (16010): Generating hard_block partition "hard_block:auto_generated_inst"
    Info (16011): Adding 0 node(s), including 0 DDIO, 0 PLL, 0 transceiver and 0 LCELL
Warning (21074): Design contains 3 input pin(s) that do not drive logic
    Warning (15610): No output dependent on input pin "btnIzqJ2" File: C:/MPointer/jserracin_fmendez_gvargas_digital_design_lab_2025/laboratorio_3/Connect4/connect4.sv Line: 4
    Warning (15610): No output dependent on input pin "btnDerJ2" File: C:/MPointer/jserracin_fmendez_gvargas_digital_design_lab_2025/laboratorio_3/Connect4/connect4.sv Line: 4
    Warning (15610): No output dependent on input pin "btnEntJ2" File: C:/MPointer/jserracin_fmendez_gvargas_digital_design_lab_2025/laboratorio_3/Connect4/connect4.sv Line: 4
Info (21057): Implemented 1028 device resources after synthesis - the final resource count might be different
    Info (21058): Implemented 9 input pins
    Info (21059): Implemented 29 output pins
    Info (21061): Implemented 989 logic cells
    Info (21062): Implemented 1 DSP elements
Info: Quartus Prime Analysis & Synthesis was successful. 0 errors, 9 warnings
    Info: Peak virtual memory: 4899 megabytes
    Info: Processing ended: Wed May  7 09:31:00 2025
    Info: Elapsed time: 00:00:09
    Info: Total CPU time (on all processors): 00:00:17


+------------------------------------------+
; Analysis & Synthesis Suppressed Messages ;
+------------------------------------------+
The suppressed messages can be found in C:/MPointer/jserracin_fmendez_gvargas_digital_design_lab_2025/laboratorio_3/Connect4/output_files/connect4.map.smsg.


