Analysis & Synthesis report for Connec4
Wed Apr 30 14:09:54 2025
Quartus Prime Version 23.1std.1 Build 993 05/14/2024 SC Lite Edition


---------------------
; Table of Contents ;
---------------------
  1. Legal Notice
  2. Analysis & Synthesis Summary
  3. Analysis & Synthesis Settings
  4. Parallel Compilation
  5. Analysis & Synthesis Source Files Read
  6. Analysis & Synthesis Resource Usage Summary
  7. Analysis & Synthesis Resource Utilization by Entity
  8. General Register Statistics
  9. Inverted Register Statistics
 10. Multiplexer Restructuring Statistics (Restructuring Performed)
 11. Parameter Settings for User Entity Instance: VGA:vga_inst|vgaController:vgaCont
 12. Parameter Settings for User Entity Instance: VGA:vga_inst|RGB_Controller:rgbCtrl
 13. Parameter Settings for Inferred Entity Instance: VGA:vga_inst|RGB_Controller:rgbCtrl|lpm_divide:Mod0
 14. Parameter Settings for Inferred Entity Instance: VGA:vga_inst|RGB_Controller:rgbCtrl|lpm_divide:Div1
 15. Parameter Settings for Inferred Entity Instance: VGA:vga_inst|RGB_Controller:rgbCtrl|lpm_divide:Div0
 16. Port Connectivity Checks: "verificarJugador:verificarJugador_inst"
 17. Post-Synthesis Netlist Statistics for Top Partition
 18. Elapsed Time Per Partition
 19. Analysis & Synthesis Messages



----------------
; Legal Notice ;
----------------
Copyright (C) 2024  Intel Corporation. All rights reserved.
Your use of Intel Corporation's design tools, logic functions 
and other software and tools, and any partner logic 
functions, and any output files from any of the foregoing 
(including device programming or simulation files), and any 
associated documentation or information are expressly subject 
to the terms and conditions of the Intel Program License 
Subscription Agreement, the Intel Quartus Prime License Agreement,
the Intel FPGA IP License Agreement, or other applicable license
agreement, including, without limitation, that your use is for
the sole purpose of programming logic devices manufactured by
Intel and sold by Intel or its authorized distributors.  Please
refer to the applicable agreement for further details, at
https://fpgasoftware.intel.com/eula.



+----------------------------------------------------------------------------------+
; Analysis & Synthesis Summary                                                     ;
+---------------------------------+------------------------------------------------+
; Analysis & Synthesis Status     ; Successful - Wed Apr 30 14:09:54 2025          ;
; Quartus Prime Version           ; 23.1std.1 Build 993 05/14/2024 SC Lite Edition ;
; Revision Name                   ; Connec4                                        ;
; Top-level Entity Name           ; connect4                                       ;
; Family                          ; Cyclone V                                      ;
; Logic utilization (in ALMs)     ; N/A                                            ;
; Total registers                 ; 115                                            ;
; Total pins                      ; 42                                             ;
; Total virtual pins              ; 0                                              ;
; Total block memory bits         ; 0                                              ;
; Total DSP Blocks                ; 0                                              ;
; Total HSSI RX PCSs              ; 0                                              ;
; Total HSSI PMA RX Deserializers ; 0                                              ;
; Total HSSI TX PCSs              ; 0                                              ;
; Total HSSI PMA TX Serializers   ; 0                                              ;
; Total PLLs                      ; 0                                              ;
; Total DLLs                      ; 0                                              ;
+---------------------------------+------------------------------------------------+


+---------------------------------------------------------------------------------------------------------------------------+
; Analysis & Synthesis Settings                                                                                             ;
+---------------------------------------------------------------------------------+--------------------+--------------------+
; Option                                                                          ; Setting            ; Default Value      ;
+---------------------------------------------------------------------------------+--------------------+--------------------+
; Device                                                                          ; 5CSXFC6D6F31C6     ;                    ;
; Top-level entity name                                                           ; connect4           ; Connec4            ;
; Family name                                                                     ; Cyclone V          ; Cyclone V          ;
; Verilog Show LMF Mapping Messages                                               ; Off                ;                    ;
; Use smart compilation                                                           ; Off                ; Off                ;
; Enable parallel Assembler and Timing Analyzer during compilation                ; On                 ; On                 ;
; Enable compact report table                                                     ; Off                ; Off                ;
; Restructure Multiplexers                                                        ; Auto               ; Auto               ;
; MLAB Add Timing Constraints For Mixed-Port Feed-Through Mode Setting Don't Care ; Off                ; Off                ;
; Create Debugging Nodes for IP Cores                                             ; Off                ; Off                ;
; Preserve fewer node names                                                       ; On                 ; On                 ;
; Intel FPGA IP Evaluation Mode                                                   ; Enable             ; Enable             ;
; Verilog Version                                                                 ; Verilog_2001       ; Verilog_2001       ;
; VHDL Version                                                                    ; VHDL_1993          ; VHDL_1993          ;
; State Machine Processing                                                        ; Auto               ; Auto               ;
; Safe State Machine                                                              ; Off                ; Off                ;
; Extract Verilog State Machines                                                  ; On                 ; On                 ;
; Extract VHDL State Machines                                                     ; On                 ; On                 ;
; Ignore Verilog initial constructs                                               ; Off                ; Off                ;
; Iteration limit for constant Verilog loops                                      ; 5000               ; 5000               ;
; Iteration limit for non-constant Verilog loops                                  ; 250                ; 250                ;
; Add Pass-Through Logic to Inferred RAMs                                         ; On                 ; On                 ;
; Infer RAMs from Raw Logic                                                       ; On                 ; On                 ;
; Parallel Synthesis                                                              ; On                 ; On                 ;
; DSP Block Balancing                                                             ; Auto               ; Auto               ;
; NOT Gate Push-Back                                                              ; On                 ; On                 ;
; Power-Up Don't Care                                                             ; On                 ; On                 ;
; Remove Redundant Logic Cells                                                    ; Off                ; Off                ;
; Remove Duplicate Registers                                                      ; On                 ; On                 ;
; Ignore CARRY Buffers                                                            ; Off                ; Off                ;
; Ignore CASCADE Buffers                                                          ; Off                ; Off                ;
; Ignore GLOBAL Buffers                                                           ; Off                ; Off                ;
; Ignore ROW GLOBAL Buffers                                                       ; Off                ; Off                ;
; Ignore LCELL Buffers                                                            ; Off                ; Off                ;
; Ignore SOFT Buffers                                                             ; On                 ; On                 ;
; Limit AHDL Integers to 32 Bits                                                  ; Off                ; Off                ;
; Optimization Technique                                                          ; Balanced           ; Balanced           ;
; Carry Chain Length                                                              ; 70                 ; 70                 ;
; Auto Carry Chains                                                               ; On                 ; On                 ;
; Auto Open-Drain Pins                                                            ; On                 ; On                 ;
; Perform WYSIWYG Primitive Resynthesis                                           ; Off                ; Off                ;
; Auto ROM Replacement                                                            ; On                 ; On                 ;
; Auto RAM Replacement                                                            ; On                 ; On                 ;
; Auto DSP Block Replacement                                                      ; On                 ; On                 ;
; Auto Shift Register Replacement                                                 ; Auto               ; Auto               ;
; Allow Shift Register Merging across Hierarchies                                 ; Auto               ; Auto               ;
; Auto Clock Enable Replacement                                                   ; On                 ; On                 ;
; Strict RAM Replacement                                                          ; Off                ; Off                ;
; Allow Synchronous Control Signals                                               ; On                 ; On                 ;
; Force Use of Synchronous Clear Signals                                          ; Off                ; Off                ;
; Auto Resource Sharing                                                           ; Off                ; Off                ;
; Allow Any RAM Size For Recognition                                              ; Off                ; Off                ;
; Allow Any ROM Size For Recognition                                              ; Off                ; Off                ;
; Allow Any Shift Register Size For Recognition                                   ; Off                ; Off                ;
; Use LogicLock Constraints during Resource Balancing                             ; On                 ; On                 ;
; Ignore translate_off and synthesis_off directives                               ; Off                ; Off                ;
; Timing-Driven Synthesis                                                         ; On                 ; On                 ;
; Report Parameter Settings                                                       ; On                 ; On                 ;
; Report Source Assignments                                                       ; On                 ; On                 ;
; Report Connectivity Checks                                                      ; On                 ; On                 ;
; Ignore Maximum Fan-Out Assignments                                              ; Off                ; Off                ;
; Synchronization Register Chain Length                                           ; 3                  ; 3                  ;
; Power Optimization During Synthesis                                             ; Normal compilation ; Normal compilation ;
; HDL message level                                                               ; Level2             ; Level2             ;
; Suppress Register Optimization Related Messages                                 ; Off                ; Off                ;
; Number of Removed Registers Reported in Synthesis Report                        ; 5000               ; 5000               ;
; Number of Swept Nodes Reported in Synthesis Report                              ; 5000               ; 5000               ;
; Number of Inverted Registers Reported in Synthesis Report                       ; 100                ; 100                ;
; Clock MUX Protection                                                            ; On                 ; On                 ;
; Auto Gated Clock Conversion                                                     ; Off                ; Off                ;
; Block Design Naming                                                             ; Auto               ; Auto               ;
; SDC constraint protection                                                       ; Off                ; Off                ;
; Synthesis Effort                                                                ; Auto               ; Auto               ;
; Shift Register Replacement - Allow Asynchronous Clear Signal                    ; On                 ; On                 ;
; Pre-Mapping Resynthesis Optimization                                            ; Off                ; Off                ;
; Analysis & Synthesis Message Level                                              ; Medium             ; Medium             ;
; Disable Register Merging Across Hierarchies                                     ; Auto               ; Auto               ;
; Resource Aware Inference For Block RAM                                          ; On                 ; On                 ;
; Automatic Parallel Synthesis                                                    ; On                 ; On                 ;
; Partial Reconfiguration Bitstream ID                                            ; Off                ; Off                ;
+---------------------------------------------------------------------------------+--------------------+--------------------+


+------------------------------------------+
; Parallel Compilation                     ;
+----------------------------+-------------+
; Processors                 ; Number      ;
+----------------------------+-------------+
; Number detected on machine ; 8           ;
; Maximum allowed            ; 8           ;
;                            ;             ;
; Average used               ; 1.00        ;
; Maximum used               ; 8           ;
;                            ;             ;
; Usage by Processor         ; % Time Used ;
;     Processor 1            ; 100.0%      ;
;     Processors 2-8         ;   0.0%      ;
+----------------------------+-------------+


+------------------------------------------------------------------------------------------------------------------------------------------------------------------------------------------------------+
; Analysis & Synthesis Source Files Read                                                                                                                                                               ;
+----------------------------------+-----------------+------------------------------+--------------------------------------------------------------------------------------------------------+---------+
; File Name with User-Entered Path ; Used in Netlist ; File Type                    ; File Name with Absolute Path                                                                           ; Library ;
+----------------------------------+-----------------+------------------------------+--------------------------------------------------------------------------------------------------------+---------+
; vgaController.sv                 ; yes             ; User SystemVerilog HDL File  ; D:/jserracin_fmendez_gvargas_digital_design_lab_2025/laboratorio_3/Connect4/vgaController.sv           ;         ;
; VGA.sv                           ; yes             ; User SystemVerilog HDL File  ; D:/jserracin_fmendez_gvargas_digital_design_lab_2025/laboratorio_3/Connect4/VGA.sv                     ;         ;
; RGB_Controller.sv                ; yes             ; User SystemVerilog HDL File  ; D:/jserracin_fmendez_gvargas_digital_design_lab_2025/laboratorio_3/Connect4/RGB_Controller.sv          ;         ;
; clockDivider.sv                  ; yes             ; User SystemVerilog HDL File  ; D:/jserracin_fmendez_gvargas_digital_design_lab_2025/laboratorio_3/Connect4/clockDivider.sv            ;         ;
; verificarJugador.sv              ; yes             ; User SystemVerilog HDL File  ; D:/jserracin_fmendez_gvargas_digital_design_lab_2025/laboratorio_3/Connect4/verificarJugador.sv        ;         ;
; connect4.sv                      ; yes             ; User SystemVerilog HDL File  ; D:/jserracin_fmendez_gvargas_digital_design_lab_2025/laboratorio_3/Connect4/connect4.sv                ;         ;
; lpm_divide.tdf                   ; yes             ; Megafunction                 ; c:/intelfpga_lite/23.1std/quartus/libraries/megafunctions/lpm_divide.tdf                               ;         ;
; abs_divider.inc                  ; yes             ; Megafunction                 ; c:/intelfpga_lite/23.1std/quartus/libraries/megafunctions/abs_divider.inc                              ;         ;
; sign_div_unsign.inc              ; yes             ; Megafunction                 ; c:/intelfpga_lite/23.1std/quartus/libraries/megafunctions/sign_div_unsign.inc                          ;         ;
; aglobal231.inc                   ; yes             ; Megafunction                 ; c:/intelfpga_lite/23.1std/quartus/libraries/megafunctions/aglobal231.inc                               ;         ;
; db/lpm_divide_k3m.tdf            ; yes             ; Auto-Generated Megafunction  ; D:/jserracin_fmendez_gvargas_digital_design_lab_2025/laboratorio_3/Connect4/db/lpm_divide_k3m.tdf      ;         ;
; db/sign_div_unsign_nlh.tdf       ; yes             ; Auto-Generated Megafunction  ; D:/jserracin_fmendez_gvargas_digital_design_lab_2025/laboratorio_3/Connect4/db/sign_div_unsign_nlh.tdf ;         ;
; db/alt_u_div_kve.tdf             ; yes             ; Auto-Generated Megafunction  ; D:/jserracin_fmendez_gvargas_digital_design_lab_2025/laboratorio_3/Connect4/db/alt_u_div_kve.tdf       ;         ;
; db/lpm_divide_lbm.tdf            ; yes             ; Auto-Generated Megafunction  ; D:/jserracin_fmendez_gvargas_digital_design_lab_2025/laboratorio_3/Connect4/db/lpm_divide_lbm.tdf      ;         ;
; db/sign_div_unsign_rlh.tdf       ; yes             ; Auto-Generated Megafunction  ; D:/jserracin_fmendez_gvargas_digital_design_lab_2025/laboratorio_3/Connect4/db/sign_div_unsign_rlh.tdf ;         ;
; db/alt_u_div_sve.tdf             ; yes             ; Auto-Generated Megafunction  ; D:/jserracin_fmendez_gvargas_digital_design_lab_2025/laboratorio_3/Connect4/db/alt_u_div_sve.tdf       ;         ;
; db/lpm_divide_hbm.tdf            ; yes             ; Auto-Generated Megafunction  ; D:/jserracin_fmendez_gvargas_digital_design_lab_2025/laboratorio_3/Connect4/db/lpm_divide_hbm.tdf      ;         ;
+----------------------------------+-----------------+------------------------------+--------------------------------------------------------------------------------------------------------+---------+


+---------------------------------------------------------+
; Analysis & Synthesis Resource Usage Summary             ;
+---------------------------------------------+-----------+
; Resource                                    ; Usage     ;
+---------------------------------------------+-----------+
; Estimate of Logic utilization (ALMs needed) ; 276       ;
;                                             ;           ;
; Combinational ALUT usage for logic          ; 493       ;
;     -- 7 input functions                    ; 1         ;
;     -- 6 input functions                    ; 50        ;
;     -- 5 input functions                    ; 39        ;
;     -- 4 input functions                    ; 68        ;
;     -- <=3 input functions                  ; 335       ;
;                                             ;           ;
; Dedicated logic registers                   ; 115       ;
;                                             ;           ;
; I/O pins                                    ; 42        ;
;                                             ;           ;
; Total DSP Blocks                            ; 0         ;
;                                             ;           ;
; Maximum fan-out node                        ; clk~input ;
; Maximum fan-out                             ; 95        ;
; Total fan-out                               ; 2047      ;
; Average fan-out                             ; 2.96      ;
+---------------------------------------------+-----------+


+--------------------------------------------------------------------------------------------------------------------------------------------------------------------------------------------------------------------------------------------------------------------------------------------------------------------------------------------+
; Analysis & Synthesis Resource Utilization by Entity                                                                                                                                                                                                                                                                                        ;
+----------------------------------------------+---------------------+---------------------------+-------------------+------------+------+--------------+-----------------------------------------------------------------------------------------------------------------------------------------------+---------------------+--------------+
; Compilation Hierarchy Node                   ; Combinational ALUTs ; Dedicated Logic Registers ; Block Memory Bits ; DSP Blocks ; Pins ; Virtual Pins ; Full Hierarchy Name                                                                                                                           ; Entity Name         ; Library Name ;
+----------------------------------------------+---------------------+---------------------------+-------------------+------------+------+--------------+-----------------------------------------------------------------------------------------------------------------------------------------------+---------------------+--------------+
; |connect4                                    ; 493 (0)             ; 115 (0)                   ; 0                 ; 0          ; 42   ; 0            ; |connect4                                                                                                                                     ; connect4            ; work         ;
;    |VGA:vga_inst|                            ; 423 (0)             ; 21 (0)                    ; 0                 ; 0          ; 0    ; 0            ; |connect4|VGA:vga_inst                                                                                                                        ; VGA                 ; work         ;
;       |RGB_Controller:rgbCtrl|               ; 392 (104)           ; 0 (0)                     ; 0                 ; 0          ; 0    ; 0            ; |connect4|VGA:vga_inst|RGB_Controller:rgbCtrl                                                                                                 ; RGB_Controller      ; work         ;
;          |lpm_divide:Div0|                   ; 60 (0)              ; 0 (0)                     ; 0                 ; 0          ; 0    ; 0            ; |connect4|VGA:vga_inst|RGB_Controller:rgbCtrl|lpm_divide:Div0                                                                                 ; lpm_divide          ; work         ;
;             |lpm_divide_hbm:auto_generated|  ; 60 (0)              ; 0 (0)                     ; 0                 ; 0          ; 0    ; 0            ; |connect4|VGA:vga_inst|RGB_Controller:rgbCtrl|lpm_divide:Div0|lpm_divide_hbm:auto_generated                                                   ; lpm_divide_hbm      ; work         ;
;                |sign_div_unsign_nlh:divider| ; 60 (0)              ; 0 (0)                     ; 0                 ; 0          ; 0    ; 0            ; |connect4|VGA:vga_inst|RGB_Controller:rgbCtrl|lpm_divide:Div0|lpm_divide_hbm:auto_generated|sign_div_unsign_nlh:divider                       ; sign_div_unsign_nlh ; work         ;
;                   |alt_u_div_kve:divider|    ; 60 (60)             ; 0 (0)                     ; 0                 ; 0          ; 0    ; 0            ; |connect4|VGA:vga_inst|RGB_Controller:rgbCtrl|lpm_divide:Div0|lpm_divide_hbm:auto_generated|sign_div_unsign_nlh:divider|alt_u_div_kve:divider ; alt_u_div_kve       ; work         ;
;          |lpm_divide:Div1|                   ; 168 (0)             ; 0 (0)                     ; 0                 ; 0          ; 0    ; 0            ; |connect4|VGA:vga_inst|RGB_Controller:rgbCtrl|lpm_divide:Div1                                                                                 ; lpm_divide          ; work         ;
;             |lpm_divide_lbm:auto_generated|  ; 168 (0)             ; 0 (0)                     ; 0                 ; 0          ; 0    ; 0            ; |connect4|VGA:vga_inst|RGB_Controller:rgbCtrl|lpm_divide:Div1|lpm_divide_lbm:auto_generated                                                   ; lpm_divide_lbm      ; work         ;
;                |sign_div_unsign_rlh:divider| ; 168 (0)             ; 0 (0)                     ; 0                 ; 0          ; 0    ; 0            ; |connect4|VGA:vga_inst|RGB_Controller:rgbCtrl|lpm_divide:Div1|lpm_divide_lbm:auto_generated|sign_div_unsign_rlh:divider                       ; sign_div_unsign_rlh ; work         ;
;                   |alt_u_div_sve:divider|    ; 168 (168)           ; 0 (0)                     ; 0                 ; 0          ; 0    ; 0            ; |connect4|VGA:vga_inst|RGB_Controller:rgbCtrl|lpm_divide:Div1|lpm_divide_lbm:auto_generated|sign_div_unsign_rlh:divider|alt_u_div_sve:divider ; alt_u_div_sve       ; work         ;
;          |lpm_divide:Mod0|                   ; 60 (0)              ; 0 (0)                     ; 0                 ; 0          ; 0    ; 0            ; |connect4|VGA:vga_inst|RGB_Controller:rgbCtrl|lpm_divide:Mod0                                                                                 ; lpm_divide          ; work         ;
;             |lpm_divide_k3m:auto_generated|  ; 60 (0)              ; 0 (0)                     ; 0                 ; 0          ; 0    ; 0            ; |connect4|VGA:vga_inst|RGB_Controller:rgbCtrl|lpm_divide:Mod0|lpm_divide_k3m:auto_generated                                                   ; lpm_divide_k3m      ; work         ;
;                |sign_div_unsign_nlh:divider| ; 60 (0)              ; 0 (0)                     ; 0                 ; 0          ; 0    ; 0            ; |connect4|VGA:vga_inst|RGB_Controller:rgbCtrl|lpm_divide:Mod0|lpm_divide_k3m:auto_generated|sign_div_unsign_nlh:divider                       ; sign_div_unsign_nlh ; work         ;
;                   |alt_u_div_kve:divider|    ; 60 (60)             ; 0 (0)                     ; 0                 ; 0          ; 0    ; 0            ; |connect4|VGA:vga_inst|RGB_Controller:rgbCtrl|lpm_divide:Mod0|lpm_divide_k3m:auto_generated|sign_div_unsign_nlh:divider|alt_u_div_kve:divider ; alt_u_div_kve       ; work         ;
;       |clockDivider:clkDiv|                  ; 1 (1)               ; 1 (1)                     ; 0                 ; 0          ; 0    ; 0            ; |connect4|VGA:vga_inst|clockDivider:clkDiv                                                                                                    ; clockDivider        ; work         ;
;       |vgaController:vgaCont|                ; 30 (30)             ; 20 (20)                   ; 0                 ; 0          ; 0    ; 0            ; |connect4|VGA:vga_inst|vgaController:vgaCont                                                                                                  ; vgaController       ; work         ;
;    |verificarJugador:verificarJugador_inst|  ; 70 (70)             ; 94 (94)                   ; 0                 ; 0          ; 0    ; 0            ; |connect4|verificarJugador:verificarJugador_inst                                                                                              ; verificarJugador    ; work         ;
+----------------------------------------------+---------------------+---------------------------+-------------------+------------+------+--------------+-----------------------------------------------------------------------------------------------------------------------------------------------+---------------------+--------------+
Note: For table entries with two numbers listed, the numbers in parentheses indicate the number of resources of the given type used by the specific entity alone. The numbers listed outside of parentheses indicate the total resources of the given type used by the specific entity and all of its sub-entities in the hierarchy.


+------------------------------------------------------+
; General Register Statistics                          ;
+----------------------------------------------+-------+
; Statistic                                    ; Value ;
+----------------------------------------------+-------+
; Total registers                              ; 115   ;
; Number of registers using Synchronous Clear  ; 20    ;
; Number of registers using Synchronous Load   ; 0     ;
; Number of registers using Asynchronous Clear ; 94    ;
; Number of registers using Asynchronous Load  ; 0     ;
; Number of registers using Clock Enable       ; 85    ;
; Number of registers using Preset             ; 0     ;
+----------------------------------------------+-------+


+-----------------------------------------------------------------+
; Inverted Register Statistics                                    ;
+-------------------------------------------------------+---------+
; Inverted Register                                     ; Fan out ;
+-------------------------------------------------------+---------+
; verificarJugador:verificarJugador_inst|posicionReg[6] ; 17      ;
; Total number of inverted registers = 1                ;         ;
+-------------------------------------------------------+---------+


+-------------------------------------------------------------------------------------------------------------------------------------------------------------------------------+
; Multiplexer Restructuring Statistics (Restructuring Performed)                                                                                                                ;
+--------------------+-----------+---------------+----------------------+------------------------+------------+-----------------------------------------------------------------+
; Multiplexer Inputs ; Bus Width ; Baseline Area ; Area if Restructured ; Saving if Restructured ; Registered ; Example Multiplexer Output                                      ;
+--------------------+-----------+---------------+----------------------+------------------------+------------+-----------------------------------------------------------------+
; 5:1                ; 5 bits    ; 15 LEs        ; 10 LEs               ; 5 LEs                  ; Yes        ; |connect4|verificarJugador:verificarJugador_inst|posicionReg[5] ;
; 3:1                ; 2 bits    ; 4 LEs         ; 4 LEs                ; 0 LEs                  ; No         ; |connect4|VGA:vga_inst|RGB_Controller:rgbCtrl|color.RED         ;
; 52:1               ; 2 bits    ; 68 LEs        ; 58 LEs               ; 10 LEs                 ; No         ; |connect4|VGA:vga_inst|RGB_Controller:rgbCtrl|Mux6              ;
+--------------------+-----------+---------------+----------------------+------------------------+------------+-----------------------------------------------------------------+


+---------------------------------------------------------------------------------+
; Parameter Settings for User Entity Instance: VGA:vga_inst|vgaController:vgaCont ;
+----------------+------------+---------------------------------------------------+
; Parameter Name ; Value      ; Type                                              ;
+----------------+------------+---------------------------------------------------+
; HACTIVE        ; 1010000000 ; Unsigned Binary                                   ;
; HFP            ; 0000010000 ; Unsigned Binary                                   ;
; HSYN           ; 0001100000 ; Unsigned Binary                                   ;
; HBP            ; 0000110000 ; Unsigned Binary                                   ;
; HMAX           ; 1100100000 ; Unsigned Binary                                   ;
; VBP            ; 0000100000 ; Unsigned Binary                                   ;
; VACTIVE        ; 0111100000 ; Unsigned Binary                                   ;
; VFP            ; 0000001011 ; Unsigned Binary                                   ;
; VSYN           ; 0000000010 ; Unsigned Binary                                   ;
; VMAX           ; 1000001101 ; Unsigned Binary                                   ;
+----------------+------------+---------------------------------------------------+
Note: In order to hide this table in the UI and the text report file, please set the "Show Parameter Settings in Synthesis Report" option in "Analysis and Synthesis Settings -> More Settings" to "Off".


+----------------------------------------------------------------------------------+
; Parameter Settings for User Entity Instance: VGA:vga_inst|RGB_Controller:rgbCtrl ;
+----------------+-------+---------------------------------------------------------+
; Parameter Name ; Value ; Type                                                    ;
+----------------+-------+---------------------------------------------------------+
; WHITE          ; 00    ; Unsigned Binary                                         ;
; RED            ; 01    ; Unsigned Binary                                         ;
; BLUE           ; 10    ; Unsigned Binary                                         ;
; BLACK          ; 11    ; Unsigned Binary                                         ;
+----------------+-------+---------------------------------------------------------+
Note: In order to hide this table in the UI and the text report file, please set the "Show Parameter Settings in Synthesis Report" option in "Analysis and Synthesis Settings -> More Settings" to "Off".


+------------------------------------------------------------------------------------------------------+
; Parameter Settings for Inferred Entity Instance: VGA:vga_inst|RGB_Controller:rgbCtrl|lpm_divide:Mod0 ;
+------------------------+----------------+------------------------------------------------------------+
; Parameter Name         ; Value          ; Type                                                       ;
+------------------------+----------------+------------------------------------------------------------+
; LPM_WIDTHN             ; 10             ; Untyped                                                    ;
; LPM_WIDTHD             ; 7              ; Untyped                                                    ;
; LPM_NREPRESENTATION    ; UNSIGNED       ; Untyped                                                    ;
; LPM_DREPRESENTATION    ; UNSIGNED       ; Untyped                                                    ;
; LPM_PIPELINE           ; 0              ; Untyped                                                    ;
; LPM_REMAINDERPOSITIVE  ; TRUE           ; Untyped                                                    ;
; MAXIMIZE_SPEED         ; 5              ; Untyped                                                    ;
; CBXI_PARAMETER         ; lpm_divide_k3m ; Untyped                                                    ;
; CARRY_CHAIN            ; MANUAL         ; Untyped                                                    ;
; OPTIMIZE_FOR_SPEED     ; 5              ; Untyped                                                    ;
; AUTO_CARRY_CHAINS      ; ON             ; AUTO_CARRY                                                 ;
; IGNORE_CARRY_BUFFERS   ; OFF            ; IGNORE_CARRY                                               ;
; AUTO_CASCADE_CHAINS    ; ON             ; AUTO_CASCADE                                               ;
; IGNORE_CASCADE_BUFFERS ; OFF            ; IGNORE_CASCADE                                             ;
+------------------------+----------------+------------------------------------------------------------+
Note: In order to hide this table in the UI and the text report file, please set the "Show Parameter Settings in Synthesis Report" option in "Analysis and Synthesis Settings -> More Settings" to "Off".


+------------------------------------------------------------------------------------------------------+
; Parameter Settings for Inferred Entity Instance: VGA:vga_inst|RGB_Controller:rgbCtrl|lpm_divide:Div1 ;
+------------------------+----------------+------------------------------------------------------------+
; Parameter Name         ; Value          ; Type                                                       ;
+------------------------+----------------+------------------------------------------------------------+
; LPM_WIDTHN             ; 32             ; Untyped                                                    ;
; LPM_WIDTHD             ; 7              ; Untyped                                                    ;
; LPM_NREPRESENTATION    ; UNSIGNED       ; Untyped                                                    ;
; LPM_DREPRESENTATION    ; UNSIGNED       ; Untyped                                                    ;
; LPM_PIPELINE           ; 0              ; Untyped                                                    ;
; LPM_REMAINDERPOSITIVE  ; TRUE           ; Untyped                                                    ;
; MAXIMIZE_SPEED         ; 5              ; Untyped                                                    ;
; CBXI_PARAMETER         ; lpm_divide_lbm ; Untyped                                                    ;
; CARRY_CHAIN            ; MANUAL         ; Untyped                                                    ;
; OPTIMIZE_FOR_SPEED     ; 5              ; Untyped                                                    ;
; AUTO_CARRY_CHAINS      ; ON             ; AUTO_CARRY                                                 ;
; IGNORE_CARRY_BUFFERS   ; OFF            ; IGNORE_CARRY                                               ;
; AUTO_CASCADE_CHAINS    ; ON             ; AUTO_CASCADE                                               ;
; IGNORE_CASCADE_BUFFERS ; OFF            ; IGNORE_CASCADE                                             ;
+------------------------+----------------+------------------------------------------------------------+
Note: In order to hide this table in the UI and the text report file, please set the "Show Parameter Settings in Synthesis Report" option in "Analysis and Synthesis Settings -> More Settings" to "Off".


+------------------------------------------------------------------------------------------------------+
; Parameter Settings for Inferred Entity Instance: VGA:vga_inst|RGB_Controller:rgbCtrl|lpm_divide:Div0 ;
+------------------------+----------------+------------------------------------------------------------+
; Parameter Name         ; Value          ; Type                                                       ;
+------------------------+----------------+------------------------------------------------------------+
; LPM_WIDTHN             ; 10             ; Untyped                                                    ;
; LPM_WIDTHD             ; 7              ; Untyped                                                    ;
; LPM_NREPRESENTATION    ; UNSIGNED       ; Untyped                                                    ;
; LPM_DREPRESENTATION    ; UNSIGNED       ; Untyped                                                    ;
; LPM_PIPELINE           ; 0              ; Untyped                                                    ;
; LPM_REMAINDERPOSITIVE  ; TRUE           ; Untyped                                                    ;
; MAXIMIZE_SPEED         ; 5              ; Untyped                                                    ;
; CBXI_PARAMETER         ; lpm_divide_hbm ; Untyped                                                    ;
; CARRY_CHAIN            ; MANUAL         ; Untyped                                                    ;
; OPTIMIZE_FOR_SPEED     ; 5              ; Untyped                                                    ;
; AUTO_CARRY_CHAINS      ; ON             ; AUTO_CARRY                                                 ;
; IGNORE_CARRY_BUFFERS   ; OFF            ; IGNORE_CARRY                                               ;
; AUTO_CASCADE_CHAINS    ; ON             ; AUTO_CASCADE                                               ;
; IGNORE_CASCADE_BUFFERS ; OFF            ; IGNORE_CASCADE                                             ;
+------------------------+----------------+------------------------------------------------------------+
Note: In order to hide this table in the UI and the text report file, please set the "Show Parameter Settings in Synthesis Report" option in "Analysis and Synthesis Settings -> More Settings" to "Off".


+------------------------------------------------------------------------------------------------------------------+
; Port Connectivity Checks: "verificarJugador:verificarJugador_inst"                                               ;
+--------+--------+----------+-------------------------------------------------------------------------------------+
; Port   ; Type   ; Severity ; Details                                                                             ;
+--------+--------+----------+-------------------------------------------------------------------------------------+
; enable ; Input  ; Info     ; Stuck at VCC                                                                        ;
; FT     ; Output ; Info     ; Connected to dangling logic. Logic that only feeds a dangling port will be removed. ;
+--------+--------+----------+-------------------------------------------------------------------------------------+


+-----------------------------------------------------+
; Post-Synthesis Netlist Statistics for Top Partition ;
+-----------------------+-----------------------------+
; Type                  ; Count                       ;
+-----------------------+-----------------------------+
; arriav_ff             ; 115                         ;
;     CLR               ; 19                          ;
;     ENA CLR           ; 75                          ;
;     ENA SCLR          ; 10                          ;
;     SCLR              ; 10                          ;
;     plain             ; 1                           ;
; arriav_lcell_comb     ; 496                         ;
;     arith             ; 220                         ;
;         0 data inputs ; 51                          ;
;         1 data inputs ; 63                          ;
;         2 data inputs ; 10                          ;
;         3 data inputs ; 60                          ;
;         4 data inputs ; 36                          ;
;     extend            ; 1                           ;
;         7 data inputs ; 1                           ;
;     normal            ; 251                         ;
;         1 data inputs ; 7                           ;
;         2 data inputs ; 75                          ;
;         3 data inputs ; 48                          ;
;         4 data inputs ; 32                          ;
;         5 data inputs ; 39                          ;
;         6 data inputs ; 50                          ;
;     shared            ; 24                          ;
;         0 data inputs ; 5                           ;
;         1 data inputs ; 19                          ;
; boundary_port         ; 42                          ;
;                       ;                             ;
; Max LUT depth         ; 24.70                       ;
; Average LUT depth     ; 14.86                       ;
+-----------------------+-----------------------------+


+-------------------------------+
; Elapsed Time Per Partition    ;
+----------------+--------------+
; Partition Name ; Elapsed Time ;
+----------------+--------------+
; Top            ; 00:00:01     ;
+----------------+--------------+


+-------------------------------+
; Analysis & Synthesis Messages ;
+-------------------------------+
Info: *******************************************************************
Info: Running Quartus Prime Analysis & Synthesis
    Info: Version 23.1std.1 Build 993 05/14/2024 SC Lite Edition
    Info: Processing started: Wed Apr 30 14:09:41 2025
Info: Command: quartus_map --read_settings_files=on --write_settings_files=off Connec4 -c Connec4
Warning (18236): Number of processors has not been specified which may cause overloading on shared machines.  Set the global assignment NUM_PARALLEL_PROCESSORS in your QSF to an appropriate value for best performance.
Info (20030): Parallel compilation is enabled and will use 8 of the 8 processors detected
Info (12021): Found 1 design units, including 1 entities, in source file vga_test.sv
    Info (12023): Found entity 1: VGA_test File: D:/jserracin_fmendez_gvargas_digital_design_lab_2025/laboratorio_3/Connect4/VGA_test.sv Line: 1
Info (12021): Found 1 design units, including 1 entities, in source file vga_tb.sv
    Info (12023): Found entity 1: VGA_tb File: D:/jserracin_fmendez_gvargas_digital_design_lab_2025/laboratorio_3/Connect4/VGA_tb.sv Line: 3
Info (12021): Found 1 design units, including 1 entities, in source file vgacontroller.sv
    Info (12023): Found entity 1: vgaController File: D:/jserracin_fmendez_gvargas_digital_design_lab_2025/laboratorio_3/Connect4/vgaController.sv Line: 1
Info (12021): Found 1 design units, including 1 entities, in source file vga.sv
    Info (12023): Found entity 1: VGA File: D:/jserracin_fmendez_gvargas_digital_design_lab_2025/laboratorio_3/Connect4/VGA.sv Line: 1
Info (12021): Found 1 design units, including 1 entities, in source file rgb_controller.sv
    Info (12023): Found entity 1: RGB_Controller File: D:/jserracin_fmendez_gvargas_digital_design_lab_2025/laboratorio_3/Connect4/RGB_Controller.sv Line: 1
Info (12021): Found 1 design units, including 1 entities, in source file clockdivider.sv
    Info (12023): Found entity 1: clockDivider File: D:/jserracin_fmendez_gvargas_digital_design_lab_2025/laboratorio_3/Connect4/clockDivider.sv Line: 1
Info (12021): Found 1 design units, including 1 entities, in source file verificarjugador.sv
    Info (12023): Found entity 1: verificarJugador File: D:/jserracin_fmendez_gvargas_digital_design_lab_2025/laboratorio_3/Connect4/verificarJugador.sv Line: 1
Info (12021): Found 1 design units, including 1 entities, in source file tb_verificarjugador.sv
    Info (12023): Found entity 1: tb_verificarJugador File: D:/jserracin_fmendez_gvargas_digital_design_lab_2025/laboratorio_3/Connect4/tb_verificarJugador.sv Line: 3
Info (12021): Found 1 design units, including 1 entities, in source file connect4.sv
    Info (12023): Found entity 1: connect4 File: D:/jserracin_fmendez_gvargas_digital_design_lab_2025/laboratorio_3/Connect4/connect4.sv Line: 1
Info (12021): Found 1 design units, including 1 entities, in source file genrect.sv
    Info (12023): Found entity 1: genRect File: D:/jserracin_fmendez_gvargas_digital_design_lab_2025/laboratorio_3/Connect4/genRect.sv Line: 1
Info (12127): Elaborating entity "connect4" for the top level hierarchy
Info (12128): Elaborating entity "VGA" for hierarchy "VGA:vga_inst" File: D:/jserracin_fmendez_gvargas_digital_design_lab_2025/laboratorio_3/Connect4/connect4.sv Line: 26
Info (12128): Elaborating entity "clockDivider" for hierarchy "VGA:vga_inst|clockDivider:clkDiv" File: D:/jserracin_fmendez_gvargas_digital_design_lab_2025/laboratorio_3/Connect4/VGA.sv Line: 15
Info (12128): Elaborating entity "vgaController" for hierarchy "VGA:vga_inst|vgaController:vgaCont" File: D:/jserracin_fmendez_gvargas_digital_design_lab_2025/laboratorio_3/Connect4/VGA.sv Line: 17
Info (12128): Elaborating entity "RGB_Controller" for hierarchy "VGA:vga_inst|RGB_Controller:rgbCtrl" File: D:/jserracin_fmendez_gvargas_digital_design_lab_2025/laboratorio_3/Connect4/VGA.sv Line: 28
Info (12128): Elaborating entity "verificarJugador" for hierarchy "verificarJugador:verificarJugador_inst" File: D:/jserracin_fmendez_gvargas_digital_design_lab_2025/laboratorio_3/Connect4/connect4.sv Line: 41
Info (278001): Inferred 3 megafunctions from design logic
    Info (278004): Inferred divider/modulo megafunction ("lpm_divide") from the following logic: "VGA:vga_inst|RGB_Controller:rgbCtrl|Mod0" File: D:/jserracin_fmendez_gvargas_digital_design_lab_2025/laboratorio_3/Connect4/RGB_Controller.sv Line: 30
    Info (278004): Inferred divider/modulo megafunction ("lpm_divide") from the following logic: "VGA:vga_inst|RGB_Controller:rgbCtrl|Div1" File: D:/jserracin_fmendez_gvargas_digital_design_lab_2025/laboratorio_3/Connect4/RGB_Controller.sv Line: 27
    Info (278004): Inferred divider/modulo megafunction ("lpm_divide") from the following logic: "VGA:vga_inst|RGB_Controller:rgbCtrl|Div0" File: D:/jserracin_fmendez_gvargas_digital_design_lab_2025/laboratorio_3/Connect4/RGB_Controller.sv Line: 26
Info (12130): Elaborated megafunction instantiation "VGA:vga_inst|RGB_Controller:rgbCtrl|lpm_divide:Mod0" File: D:/jserracin_fmendez_gvargas_digital_design_lab_2025/laboratorio_3/Connect4/RGB_Controller.sv Line: 30
Info (12133): Instantiated megafunction "VGA:vga_inst|RGB_Controller:rgbCtrl|lpm_divide:Mod0" with the following parameter: File: D:/jserracin_fmendez_gvargas_digital_design_lab_2025/laboratorio_3/Connect4/RGB_Controller.sv Line: 30
    Info (12134): Parameter "LPM_WIDTHN" = "10"
    Info (12134): Parameter "LPM_WIDTHD" = "7"
    Info (12134): Parameter "LPM_NREPRESENTATION" = "UNSIGNED"
    Info (12134): Parameter "LPM_DREPRESENTATION" = "UNSIGNED"
Info (12021): Found 1 design units, including 1 entities, in source file db/lpm_divide_k3m.tdf
    Info (12023): Found entity 1: lpm_divide_k3m File: D:/jserracin_fmendez_gvargas_digital_design_lab_2025/laboratorio_3/Connect4/db/lpm_divide_k3m.tdf Line: 25
Info (12021): Found 1 design units, including 1 entities, in source file db/sign_div_unsign_nlh.tdf
    Info (12023): Found entity 1: sign_div_unsign_nlh File: D:/jserracin_fmendez_gvargas_digital_design_lab_2025/laboratorio_3/Connect4/db/sign_div_unsign_nlh.tdf Line: 25
Info (12021): Found 1 design units, including 1 entities, in source file db/alt_u_div_kve.tdf
    Info (12023): Found entity 1: alt_u_div_kve File: D:/jserracin_fmendez_gvargas_digital_design_lab_2025/laboratorio_3/Connect4/db/alt_u_div_kve.tdf Line: 23
Info (12130): Elaborated megafunction instantiation "VGA:vga_inst|RGB_Controller:rgbCtrl|lpm_divide:Div1" File: D:/jserracin_fmendez_gvargas_digital_design_lab_2025/laboratorio_3/Connect4/RGB_Controller.sv Line: 27
Info (12133): Instantiated megafunction "VGA:vga_inst|RGB_Controller:rgbCtrl|lpm_divide:Div1" with the following parameter: File: D:/jserracin_fmendez_gvargas_digital_design_lab_2025/laboratorio_3/Connect4/RGB_Controller.sv Line: 27
    Info (12134): Parameter "LPM_WIDTHN" = "32"
    Info (12134): Parameter "LPM_WIDTHD" = "7"
    Info (12134): Parameter "LPM_NREPRESENTATION" = "UNSIGNED"
    Info (12134): Parameter "LPM_DREPRESENTATION" = "UNSIGNED"
Info (12021): Found 1 design units, including 1 entities, in source file db/lpm_divide_lbm.tdf
    Info (12023): Found entity 1: lpm_divide_lbm File: D:/jserracin_fmendez_gvargas_digital_design_lab_2025/laboratorio_3/Connect4/db/lpm_divide_lbm.tdf Line: 25
Info (12021): Found 1 design units, including 1 entities, in source file db/sign_div_unsign_rlh.tdf
    Info (12023): Found entity 1: sign_div_unsign_rlh File: D:/jserracin_fmendez_gvargas_digital_design_lab_2025/laboratorio_3/Connect4/db/sign_div_unsign_rlh.tdf Line: 25
Info (12021): Found 1 design units, including 1 entities, in source file db/alt_u_div_sve.tdf
    Info (12023): Found entity 1: alt_u_div_sve File: D:/jserracin_fmendez_gvargas_digital_design_lab_2025/laboratorio_3/Connect4/db/alt_u_div_sve.tdf Line: 23
Info (12130): Elaborated megafunction instantiation "VGA:vga_inst|RGB_Controller:rgbCtrl|lpm_divide:Div0" File: D:/jserracin_fmendez_gvargas_digital_design_lab_2025/laboratorio_3/Connect4/RGB_Controller.sv Line: 26
Info (12133): Instantiated megafunction "VGA:vga_inst|RGB_Controller:rgbCtrl|lpm_divide:Div0" with the following parameter: File: D:/jserracin_fmendez_gvargas_digital_design_lab_2025/laboratorio_3/Connect4/RGB_Controller.sv Line: 26
    Info (12134): Parameter "LPM_WIDTHN" = "10"
    Info (12134): Parameter "LPM_WIDTHD" = "7"
    Info (12134): Parameter "LPM_NREPRESENTATION" = "UNSIGNED"
    Info (12134): Parameter "LPM_DREPRESENTATION" = "UNSIGNED"
Info (12021): Found 1 design units, including 1 entities, in source file db/lpm_divide_hbm.tdf
    Info (12023): Found entity 1: lpm_divide_hbm File: D:/jserracin_fmendez_gvargas_digital_design_lab_2025/laboratorio_3/Connect4/db/lpm_divide_hbm.tdf Line: 25
Info (286030): Timing-Driven Synthesis is running
Info (16010): Generating hard_block partition "hard_block:auto_generated_inst"
    Info (16011): Adding 0 node(s), including 0 DDIO, 0 PLL, 0 transceiver and 0 LCELL
Info (21057): Implemented 625 device resources after synthesis - the final resource count might be different
    Info (21058): Implemented 6 input pins
    Info (21059): Implemented 36 output pins
    Info (21061): Implemented 583 logic cells
Info: Quartus Prime Analysis & Synthesis was successful. 0 errors, 1 warning
    Info: Peak virtual memory: 4894 megabytes
    Info: Processing ended: Wed Apr 30 14:09:54 2025
    Info: Elapsed time: 00:00:13
    Info: Total CPU time (on all processors): 00:00:29


